[2025-07-25 21:16:33,074][INFO]: ===== ApolloMseedDownload 类初始化开始 =====
[2025-07-25 21:16:33,074][INFO]: 基础目录: /home/tu/code/Apollo_Download_Data
[2025-07-25 21:16:33,074][INFO]: 输出目录: /home/tu/code/Apollo_Download_Data/OUTPUT_FILES
[2025-07-25 21:16:33,074][INFO]: 日志目录: /home/tu/code/Apollo_Download_Data/logs
[2025-07-25 21:16:33,074][INFO]: 输入文件: /home/tu/documents/event/levent.1008c
[2025-07-25 21:16:33,074][INFO]: 日志系统配置完成。
[2025-07-25 21:16:33,074][INFO]:   - 基本日志: /home/tu/code/Apollo_Download_Data/logs/basic_info.log
[2025-07-25 21:16:33,074][INFO]:   - 详细日志: /home/tu/code/Apollo_Download_Data/logs/mseed_download.log
[2025-07-25 21:16:33,074][INFO]: ===== ApolloMseedDownload 类初始化完成 =====
[2025-07-25 21:16:33,074][INFO]: ===== 开始筛选事件类型为 C 的 Apollo 数据 =====
[2025-07-25 21:16:33,074][INFO]: 开始导入 Apollo 目录文件到 DataFrame，数据类型: C
[2025-07-25 21:16:33,075][INFO]: 尝试打开 APOLLO 目录文件：/home/tu/documents/event/levent.1008c
[2025-07-25 21:16:33,138][INFO]: APOLLO 目录文件读取完成，开始转换为 DataFrame ...
[2025-07-25 21:16:33,162][INFO]: 成功将 Apollo 目录导入 DataFrame，共有 13058 行数据。
[2025-07-25 21:16:33,162][INFO]: 开始处理 Apollo 目录时间信息以生成 datetime DataFrame ...
[2025-07-25 21:16:37,983][INFO]: Apollo 目录时间数据转换完成。
[2025-07-25 21:16:37,990][INFO]: 找到 1743 条事件类型为 C 的记录
[2025-07-25 21:16:38,583][INFO]: 事件类型 C 的 DataFrame 已生成，包含 1743 条记录
[2025-07-25 21:16:38,596][INFO]: 全部datetime_df数据:
               start_time            end_time
1     1969-07-28 11:46:00 1969-07-28 12:15:00
3     1969-07-29 13:18:00 1969-07-29 14:15:00
4     1969-08-02 17:20:00 1969-08-02 18:10:00
5     1969-08-21 18:58:00 1969-08-21 20:00:00
13    1969-11-28 10:02:00 1969-11-28 10:25:00
21    1969-12-01 05:28:00 1969-12-01 06:12:00
26    1969-12-02 13:55:00 1969-12-02 14:45:00
29    1969-12-08 01:44:00 1969-12-08 02:29:00
50    1969-12-14 09:03:00 1969-12-14 09:21:00
54    1969-12-16 00:27:00 1969-12-16 00:50:00
58    1969-12-23 22:21:00 1969-12-23 22:40:00
60    1969-12-26 22:27:00 1969-12-26 22:48:00
63    1969-12-27 21:32:00 1969-12-27 22:08:00
72    1970-01-02 02:20:00 1970-01-02 02:30:00
77    1970-01-03 16:24:00 1970-01-03 17:15:00
103   1970-01-19 20:25:00 1970-01-19 21:52:00
112   1970-01-24 04:44:00 1970-01-24 05:50:00
113   1970-01-24 06:53:00 1970-01-24 07:25:00
145   1970-02-18 01:41:00 1970-02-18 02:30:00
148   1970-02-18 12:11:00 1970-02-18 14:20:00
164   1970-02-21 07:35:00 1970-02-21 08:20:00
168   1970-02-23 21:40:00 1970-02-23 22:40:00
180   1970-03-03 07:37:00 1970-03-03 08:10:00
185   1970-03-03 20:17:00 1970-03-03 21:30:00
196   1970-03-14 12:00:00 1970-03-14 13:10:00
203   1970-03-19 11:01:00 1970-03-19 11:50:00
208   1970-03-21 11:48:00 1970-03-21 12:50:00
214   1970-03-25 03:32:00 1970-03-25 04:55:00
216   1970-03-26 20:17:00 1970-03-26 21:40:00
217   1970-03-29 02:46:00 1970-03-29 03:50:00
239   1970-04-05 11:37:00 1970-04-05 12:40:00
242   1970-04-08 00:22:00 1970-04-08 01:50:00
243   1970-04-08 08:09:00 1970-04-08 10:10:00
266   1970-04-22 01:39:00 1970-04-22 02:08:00
268   1970-04-22 16:53:00 1970-04-22 17:45:00
269   1970-04-23 05:20:00 1970-04-23 06:00:00
270   1970-04-23 23:45:00 1970-04-24 00:55:00
273   1970-04-25 01:14:00 1970-04-25 02:20:00
320   1970-05-20 16:45:00 1970-05-20 17:40:00
336   1970-06-04 15:17:00 1970-06-04 16:25:00
337   1970-06-05 19:30:00 1970-06-05 19:55:00
341   1970-06-07 15:23:00 1970-06-07 16:20:00
353   1970-06-13 00:40:00 1970-06-13 01:10:00
356   1970-06-15 19:00:00 1970-06-15 20:10:00
360   1970-06-18 15:33:00 1970-06-18 16:12:00
361   1970-06-19 02:41:00 1970-06-19 03:15:00
380   1970-06-26 20:01:00 1970-06-26 21:45:00
387   1970-07-05 17:10:00 1970-07-05 17:50:00
392   1970-07-06 22:14:00 1970-07-06 22:33:00
393   1970-07-08 02:31:00 1970-07-08 03:25:00
417   1970-07-20 05:06:00 1970-07-20 07:06:00
424   1970-07-27 03:40:00 1970-07-27 04:50:00
444   1970-08-05 12:07:00 1970-08-05 13:05:00
448   1970-08-07 08:40:00 1970-08-07 09:22:00
455   1970-08-11 00:13:00 1970-08-11 00:35:00
466   1970-08-13 16:26:00 1970-08-13 17:10:00
478   1970-08-17 13:24:00 1970-08-17 14:20:00
514   1970-09-09 00:32:00 1970-09-09 00:45:00
535   1970-09-17 03:05:00 1970-09-17 03:45:00
550   1970-09-26 19:57:00 1970-09-26 21:05:00
555   1970-09-27 22:30:00 1970-09-27 23:20:00
581   1970-10-14 03:51:00 1970-10-14 04:50:00
582   1970-10-15 13:42:00 1970-10-15 14:45:00
599   1970-10-24 11:31:00 1970-10-24 12:35:00
608   1970-10-27 13:46:00 1970-10-27 14:40:00
622   1970-11-07 10:09:00 1970-11-07 11:00:00
627   1970-11-10 13:10:00 1970-11-10 14:10:00
630   1970-11-12 12:50:00 1970-11-12 13:55:00
632   1970-11-16 07:47:00 1970-11-16 08:10:00
651   1970-11-30 01:44:00 1970-11-30 03:44:00
664   1970-12-11 07:22:00 1970-12-11 08:25:00
667   1970-12-13 22:51:00 1970-12-13 23:40:00
675   1970-12-17 05:00:00 1970-12-17 06:00:00
684   1970-12-28 07:43:00 1970-12-28 08:20:00
695   1971-01-03 10:53:00 1971-01-03 12:05:00
700   1971-01-04 23:52:00 1971-01-05 00:20:00
701   1971-01-05 00:47:00 1971-01-05 01:45:00
716   1971-01-12 07:37:00 1971-01-12 08:20:00
719   1971-01-13 01:58:00 1971-01-13 02:50:00
720   1971-01-15 12:40:00 1971-01-15 13:55:00
722   1971-01-17 17:51:00 1971-01-17 18:40:00
745   1971-01-28 08:48:00 1971-01-28 09:20:00
747   1971-01-29 18:21:00 1971-01-29 19:20:00
750   1971-02-02 00:41:00 1971-02-02 01:45:00
751   1971-02-03 02:08:00 1971-02-03 03:20:00
765   1971-02-09 03:42:00 1971-02-09 04:50:00
767   1971-02-10 02:59:00 1971-02-10 03:15:00
770   1971-02-11 09:40:00 1971-02-11 10:08:00
771   1971-02-12 02:21:00 1971-02-12 02:38:00
772   1971-02-13 11:00:00 1971-02-13 11:48:00
773   1971-02-13 15:21:00 1971-02-13 15:50:00
780   1971-02-15 19:36:00 1971-02-15 20:45:00
781   1971-02-15 22:35:00 1971-02-15 22:45:00
782   1971-02-16 01:38:00 1971-02-16 01:52:00
783   1971-02-16 03:25:00 1971-02-16 04:00:00
787   1971-02-19 10:12:00 1971-02-19 10:38:00
798   1971-02-20 03:33:00 1971-02-20 04:28:00
800   1971-02-20 05:59:00 1971-02-20 06:40:00
837   1971-02-28 21:18:00 1971-02-28 21:41:00
850   1971-03-06 02:11:00 1971-03-06 02:40:00
860   1971-03-07 13:00:00 1971-03-07 13:30:00
885   1971-03-12 00:30:00 1971-03-12 02:30:00
887   1971-03-12 10:41:00 1971-03-12 11:15:00
888   1971-03-12 16:06:00 1971-03-12 16:25:00
889   1971-03-12 17:21:00 1971-03-12 17:50:00
890   1971-03-12 21:30:00 1971-03-12 22:20:00
891   1971-03-13 00:19:00 1971-03-13 00:50:00
897   1971-03-14 19:11:00 1971-03-14 19:35:00
898   1971-03-14 23:14:00 1971-03-15 00:08:00
900   1971-03-15 07:50:00 1971-03-15 08:50:00
915   1971-03-19 08:26:00 1971-03-19 08:55:00
921   1971-03-19 16:58:00 1971-03-19 17:15:00
923   1971-03-19 18:20:00 1971-03-19 19:30:00
929   1971-03-20 09:54:00 1971-03-20 10:20:00
933   1971-03-21 01:48:00 1971-03-21 02:05:00
974   1971-03-24 05:12:00 1971-03-24 05:35:00
976   1971-03-24 06:59:00 1971-03-24 07:15:00
985   1971-03-25 15:18:00 1971-03-25 16:35:00
989   1971-03-26 15:22:00 1971-03-26 16:35:00
990   1971-03-26 18:23:00 1971-03-26 19:20:00
996   1971-03-27 23:36:00 1971-03-28 00:15:00
1001  1971-03-30 14:54:00 1971-03-30 15:35:00
1012  1971-04-01 13:34:00 1971-04-01 14:30:00
1033  1971-04-03 03:20:00 1971-04-03 04:00:00
1052  1971-04-05 00:30:00 1971-04-05 01:05:00
1059  1971-04-06 19:20:00 1971-04-06 19:45:00
1060  1971-04-07 00:23:00 1971-04-07 00:55:00
1067  1971-04-08 19:51:00 1971-04-08 20:15:00
1068  1971-04-08 23:08:00 1971-04-08 23:35:00
1085  1971-04-13 12:55:00 1971-04-13 15:20:00
1135  1971-04-21 23:37:00 1971-04-22 00:45:00
1137  1971-04-23 02:51:00 1971-04-23 03:45:00
1138  1971-04-24 09:08:00 1971-04-24 09:35:00
1139  1971-04-24 13:27:00 1971-04-24 13:50:00
1145  1971-04-27 22:08:00 1971-04-27 23:10:00
1172  1971-05-01 07:04:00 1971-05-01 07:25:00
1201  1971-05-07 06:50:00 1971-05-07 07:25:00
1202  1971-05-08 00:06:00 1971-05-08 00:45:00
1221  1971-05-12 08:05:00 1971-05-12 08:55:00
1222  1971-05-12 09:45:00 1971-05-12 11:50:00
1232  1971-05-13 03:00:00 1971-05-13 05:00:00
1237  1971-05-13 11:51:00 1971-05-13 12:50:00
1238  1971-05-13 16:03:00 1971-05-13 16:40:00
1247  1971-05-15 02:04:00 1971-05-15 02:55:00
1265  1971-05-22 02:19:00 1971-05-22 03:15:00
1266  1971-05-22 17:55:00 1971-05-22 19:00:00
1267  1971-05-23 11:08:00 1971-05-23 12:35:00
1268  1971-05-23 21:26:00 1971-05-23 23:26:00
1269  1971-05-23 22:20:00 1971-05-24 00:30:00
1286  1971-05-25 23:37:00 1971-05-26 00:45:00
1341  1971-06-01 22:58:00 1971-06-02 00:25:00
1344  1971-06-03 14:44:00 1971-06-03 15:40:00
1345  1971-06-04 21:51:00 1971-06-04 23:30:00
1366  1971-06-08 10:35:00 1971-06-08 11:10:00
1368  1971-06-08 14:20:00 1971-06-08 15:00:00
1386  1971-06-09 12:25:00 1971-06-09 13:10:00
1387  1971-06-09 17:05:00 1971-06-09 17:50:00
1394  1971-06-10 11:58:00 1971-06-10 12:50:00
1402  1971-06-11 06:44:00 1971-06-11 08:44:00
1409  1971-06-11 13:52:00 1971-06-11 15:10:00
1416  1971-06-12 10:51:00 1971-06-12 13:30:00
1425  1971-06-18 12:30:00 1971-06-18 13:20:00
1427  1971-06-19 16:35:00 1971-06-19 18:00:00
1442  1971-06-23 11:02:00 1971-06-23 11:45:00
1452  1971-06-24 13:45:00 1971-06-24 14:50:00
1454  1971-06-24 17:19:00 1971-06-24 18:40:00
1459  1971-06-25 05:27:00 1971-06-25 06:10:00
1468  1971-06-25 15:32:00 1971-06-25 16:20:00
1470  1971-06-26 00:11:00 1971-06-26 01:50:00
1475  1971-06-27 18:55:00 1971-06-27 20:30:00
1483  1971-06-29 14:54:00 1971-06-29 15:22:00
1487  1971-06-30 14:01:00 1971-06-30 15:00:00
1495  1971-07-03 02:43:00 1971-07-03 03:45:00
1497  1971-07-04 23:28:00 1971-07-05 00:10:00
1500  1971-07-05 04:08:00 1971-07-05 05:00:00
1551  1971-07-11 05:58:00 1971-07-11 06:40:00
1552  1971-07-11 11:51:00 1971-07-11 12:15:00
1553  1971-07-11 13:05:00 1971-07-11 13:18:00
1558  1971-07-14 03:02:00 1971-07-14 03:45:00
1559  1971-07-14 23:58:00 1971-07-15 01:00:00
1591  1971-07-23 17:12:00 1971-07-23 18:15:00
1596  1971-07-26 04:52:00 1971-07-26 06:00:00
1598  1971-07-26 11:24:00 1971-07-26 13:24:00
1599  1971-07-26 12:01:00 1971-07-26 13:05:00
1600  1971-07-27 11:45:00 1971-07-27 13:15:00
1602  1971-07-29 09:36:00 1971-07-29 10:20:00
1603  1971-07-29 20:40:00 1971-07-29 22:40:00
1605  1971-07-30 09:20:00 1971-07-30 09:55:00
1614  1971-08-02 21:25:00 1971-08-02 22:00:00
1617  1971-08-03 15:44:00 1971-08-03 16:15:00
1618  1971-08-03 21:09:00 1971-08-03 21:55:00
1630  1971-08-06 03:46:00 1971-08-06 04:55:00
1633  1971-08-06 13:00:00 1971-08-06 13:25:00
1635  1971-08-07 07:11:00 1971-08-07 07:20:00
1643  1971-08-08 21:00:00 1971-08-08 21:40:00
1646  1971-08-11 07:58:00 1971-08-11 08:10:00
1649  1971-08-15 22:07:00 1971-08-15 22:40:00
1657  1971-08-17 13:41:00 1971-08-17 14:15:00
1691  1971-08-21 15:48:00 1971-08-21 16:20:00
1692  1971-08-21 22:24:00 1971-08-21 23:20:00
1698  1971-08-25 10:17:00 1971-08-25 10:45:00
1761  1971-09-07 11:12:00 1971-09-07 11:50:00
1766  1971-09-09 06:12:00 1971-09-09 07:10:00
1768  1971-09-11 11:37:00 1971-09-11 12:20:00
1790  1971-09-16 11:53:00 1971-09-16 13:00:00
1792  1971-09-16 21:20:00 1971-09-16 22:10:00
1800  1971-09-19 08:14:00 1971-09-19 09:00:00
1806  1971-09-20 13:28:00 1971-09-20 13:45:00
1810  1971-09-22 06:48:00 1971-09-22 07:40:00
1815  1971-09-24 12:26:00 1971-09-24 13:00:00
1820  1971-09-25 08:57:00 1971-09-25 10:00:00
1867  1971-09-27 13:51:00 1971-09-27 15:05:00
1886  1971-09-30 04:09:00 1971-09-30 04:35:00
1923  1971-10-06 03:28:00 1971-10-06 04:15:00
1924  1971-10-06 10:46:00 1971-10-06 11:45:00
1925  1971-10-06 17:15:00 1971-10-06 18:05:00
1937  1971-10-09 09:52:00 1971-10-09 10:25:00
1948  1971-10-12 00:07:00 1971-10-12 00:40:00
1983  1971-10-17 19:17:00 1971-10-17 20:00:00
1985  1971-10-18 03:19:00 1971-10-18 04:50:00
1995  1971-10-19 11:51:00 1971-10-19 12:12:00
2004  1971-10-20 18:08:00 1971-10-20 20:20:00
2006  1971-10-21 00:27:00 1971-10-21 00:45:00
2007  1971-10-21 05:31:00 1971-10-21 05:55:00
2084  1971-10-26 04:34:00 1971-10-26 06:34:00
2085  1971-10-26 06:05:00 1971-10-26 06:35:00
2092  1971-10-27 01:27:00 1971-10-27 03:27:00
2093  1971-10-27 02:09:00 1971-10-27 02:40:00
2098  1971-10-27 12:33:00 1971-10-27 14:33:00
2103  1971-10-27 22:11:00 1971-10-27 23:00:00
2108  1971-10-28 04:53:00 1971-10-28 05:35:00
2109  1971-10-28 08:13:00 1971-10-28 09:00:00
2114  1971-10-28 21:05:00 1971-10-28 21:30:00
2125  1971-10-30 02:04:00 1971-10-30 02:50:00
2130  1971-10-30 11:58:00 1971-10-30 12:40:00
2133  1971-10-30 17:22:00 1971-10-30 17:55:00
2137  1971-10-31 05:30:00 1971-10-31 07:20:00
2138  1971-10-31 13:00:00 1971-10-31 13:55:00
2142  1971-11-01 02:50:00 1971-11-01 03:55:00
2143  1971-11-01 03:02:00 1971-11-01 04:15:00
2148  1971-11-02 09:32:00 1971-11-02 10:10:00
2157  1971-11-03 19:23:00 1971-11-03 20:20:00
2161  1971-11-04 08:34:00 1971-11-04 10:34:00
2163  1971-11-04 11:13:00 1971-11-04 11:40:00
2186  1971-11-07 02:08:00 1971-11-07 04:08:00
2194  1971-11-07 22:06:00 1971-11-08 00:06:00
2199  1971-11-08 08:54:00 1971-11-08 10:00:00
2211  1971-11-09 13:07:00 1971-11-09 15:07:00
2215  1971-11-10 07:32:00 1971-11-10 08:20:00
2227  1971-11-14 04:17:00 1971-11-14 05:30:00
2242  1971-11-16 00:06:00 1971-11-16 01:10:00
2245  1971-11-16 05:45:00 1971-11-16 06:50:00
2277  1971-11-17 23:48:00 1971-11-18 01:48:00
2279  1971-11-18 02:10:00 1971-11-18 03:40:00
2298  1971-11-19 09:08:00 1971-11-19 10:00:00
2302  1971-11-19 19:44:00 1971-11-19 20:25:00
2309  1971-11-20 13:32:00 1971-11-20 14:40:00
2342  1971-11-22 04:04:00 1971-11-22 04:45:00
2358  1971-11-23 23:33:00 1971-11-24 00:05:00
2360  1971-11-24 02:44:00 1971-11-24 03:35:00
2361  1971-11-24 04:23:00 1971-11-24 05:15:00
2370  1971-11-25 00:17:00 1971-11-25 01:05:00
2377  1971-11-25 16:55:00 1971-11-25 17:25:00
2387  1971-11-26 16:38:00 1971-11-26 17:35:00
2390  1971-11-28 20:30:00 1971-11-28 20:55:00
2393  1971-11-30 01:10:00 1971-11-30 01:35:00
2397  1971-11-30 20:20:00 1971-11-30 21:20:00
2410  1971-12-02 09:02:00 1971-12-02 09:40:00
2443  1971-12-06 11:17:00 1971-12-06 12:05:00
2453  1971-12-08 17:21:00 1971-12-08 18:10:00
2461  1971-12-12 10:30:00 1971-12-12 11:40:00
2506  1971-12-17 04:08:00 1971-12-17 05:30:00
2521  1971-12-18 08:28:00 1971-12-18 09:30:00
2528  1971-12-18 20:26:00 1971-12-18 22:26:00
2543  1971-12-19 15:35:00 1971-12-19 17:35:00
2576  1971-12-23 07:13:00 1971-12-23 07:50:00
2579  1971-12-24 01:13:00 1971-12-24 01:55:00
2581  1971-12-24 14:47:00 1971-12-24 15:35:00
2583  1971-12-27 08:07:00 1971-12-27 09:00:00
2584  1971-12-27 18:40:00 1971-12-27 19:30:00
2589  1971-12-29 03:20:00 1971-12-29 03:40:00
2603  1971-12-31 04:02:00 1971-12-31 04:50:00
2621  1972-01-04 00:10:00 1972-01-04 01:20:00
2622  1972-01-04 04:38:00 1972-01-04 05:10:00
2623  1972-01-04 06:35:00 1972-01-04 08:20:00
2624  1972-01-04 10:02:00 1972-01-04 10:40:00
2626  1972-01-04 16:35:00 1972-01-04 17:10:00
2627  1972-01-05 01:33:00 1972-01-05 02:40:00
2628  1972-01-05 20:38:00 1972-01-05 22:38:00
2630  1972-01-06 06:49:00 1972-01-06 07:30:00
2635  1972-01-08 02:40:00 1972-01-08 03:40:00
2665  1972-01-13 05:47:00 1972-01-13 06:40:00
2702  1972-01-20 07:46:00 1972-01-20 08:10:00
2704  1972-01-20 18:25:00 1972-01-20 20:00:00
2707  1972-01-22 09:08:00 1972-01-22 09:30:00
2712  1972-01-25 14:42:00 1972-01-25 15:35:00
2713  1972-01-26 05:10:00 1972-01-26 06:15:00
2714  1972-01-26 16:13:00 1972-01-26 17:00:00
2724  1972-01-29 01:45:00 1972-01-29 02:35:00
2731  1972-01-31 05:32:00 1972-01-31 06:30:00
2736  1972-01-31 17:58:00 1972-01-31 18:30:00
2742  1972-02-01 18:13:00 1972-02-01 20:13:00
2744  1972-02-02 05:20:00 1972-02-02 06:00:00
2748  1972-02-03 21:27:00 1972-02-03 22:10:00
2751  1972-02-05 17:29:00 1972-02-05 17:50:00
2752  1972-02-05 22:00:00 1972-02-05 22:50:00
2795  1972-02-15 20:17:00 1972-02-15 20:50:00
2801  1972-02-18 15:21:00 1972-02-18 15:50:00
2806  1972-02-21 20:52:00 1972-02-21 21:45:00
2816  1972-02-22 23:19:00 1972-02-22 23:50:00
2838  1972-02-28 12:40:00 1972-02-28 14:40:00
2839  1972-02-28 13:20:00 1972-02-28 14:05:00
2845  1972-03-03 17:50:00 1972-03-03 18:30:00
2851  1972-03-07 06:01:00 1972-03-07 06:50:00
2859  1972-03-08 11:00:00 1972-03-08 11:20:00
2879  1972-03-11 21:00:00 1972-03-11 23:00:00
2880  1972-03-11 21:15:00 1972-03-11 21:32:00
2883  1972-03-12 18:00:00 1972-03-12 18:50:00
2895  1972-03-15 01:36:00 1972-03-15 01:55:00
2896  1972-03-15 02:48:00 1972-03-15 03:10:00
2897  1972-03-16 12:06:00 1972-03-16 12:40:00
2898  1972-03-17 23:30:00 1972-03-18 00:30:00
2951  1972-04-02 07:15:00 1972-04-02 07:35:00
2989  1972-04-10 07:25:00 1972-04-10 08:10:00
3007  1972-04-12 17:49:00 1972-04-12 18:20:00
3011  1972-04-14 07:47:00 1972-04-14 08:45:00
3013  1972-04-14 11:27:00 1972-04-14 12:40:00
3022  1972-04-15 22:15:00 1972-04-15 22:50:00
3032  1972-04-18 00:47:00 1972-04-18 01:50:00
3125  1972-04-27 11:27:00 1972-04-27 12:30:00
3177  1972-04-30 01:17:00 1972-04-30 01:40:00
3203  1972-05-02 12:02:00 1972-05-02 12:40:00
3212  1972-05-03 09:40:00 1972-05-03 10:30:00
3238  1972-05-06 07:05:00 1972-05-06 07:40:00
3239  1972-05-06 08:38:00 1972-05-06 10:38:00
3306  1972-05-11 10:27:00 1972-05-11 11:10:00
3310  1972-05-11 13:35:00 1972-05-11 15:35:00
3340  1972-05-13 08:46:00 1972-05-13 14:00:00
3350  1972-05-14 09:44:00 1972-05-14 10:30:00
3352  1972-05-14 10:31:00 1972-05-14 11:00:00
3400  1972-05-17 17:45:00 1972-05-17 18:35:00
3405  1972-05-18 01:53:00 1972-05-18 03:00:00
3415  1972-05-18 23:21:00 1972-05-19 01:00:00
3425  1972-05-19 18:26:00 1972-05-19 19:50:00
3448  1972-05-23 12:10:00 1972-05-23 13:20:00
3455  1972-05-23 21:40:00 1972-05-23 22:20:00
3465  1972-05-24 08:44:00 1972-05-24 10:44:00
3484  1972-05-25 17:05:00 1972-05-25 17:55:00
3565  1972-05-29 21:22:00 1972-05-29 23:00:00
3616  1972-06-04 06:18:00 1972-06-04 07:00:00
3638  1972-06-06 07:04:00 1972-06-06 09:04:00
3650  1972-06-06 23:03:00 1972-06-07 00:00:00
3661  1972-06-08 06:13:00 1972-06-08 07:10:00
3688  1972-06-09 10:58:00 1972-06-09 12:58:00
3689  1972-06-09 11:25:00 1972-06-09 13:25:00
3698  1972-06-09 16:00:00 1972-06-09 16:50:00
3736  1972-06-12 02:20:00 1972-06-12 02:45:00
3769  1972-06-15 00:25:00 1972-06-15 01:25:00
3778  1972-06-16 16:11:00 1972-06-16 18:00:00
3785  1972-06-18 19:15:00 1972-06-18 20:10:00
3788  1972-06-20 16:32:00 1972-06-20 16:45:00
3791  1972-06-21 05:52:00 1972-06-21 06:40:00
3825  1972-06-23 05:54:00 1972-06-23 07:54:00
3826  1972-06-23 06:12:00 1972-06-23 07:10:00
3837  1972-06-24 02:37:00 1972-06-24 03:40:00
3841  1972-06-24 07:08:00 1972-06-24 07:40:00
3842  1972-06-24 08:08:00 1972-06-24 08:50:00
3880  1972-06-26 18:28:00 1972-06-26 18:55:00
3890  1972-06-27 00:47:00 1972-06-27 01:40:00
3896  1972-06-27 06:57:00 1972-06-27 07:30:00
3902  1972-06-27 13:38:00 1972-06-27 14:15:00
3904  1972-06-27 15:04:00 1972-06-27 17:04:00
3918  1972-06-28 12:20:00 1972-06-28 13:00:00
3931  1972-06-29 09:03:00 1972-06-29 09:45:00
3932  1972-06-29 10:38:00 1972-06-29 11:20:00
3938  1972-06-30 00:00:00 1972-06-30 01:10:00
3939  1972-06-30 05:00:00 1972-06-30 06:10:00
3945  1972-07-01 05:09:00 1972-07-01 05:30:00
3976  1972-07-05 16:30:00 1972-07-05 17:40:00
4007  1972-07-07 21:03:00 1972-07-07 22:10:00
4023  1972-07-08 16:47:00 1972-07-08 18:00:00
4034  1972-07-09 09:46:00 1972-07-09 11:10:00
4055  1972-07-11 14:45:00 1972-07-11 15:20:00
4066  1972-07-13 00:20:00 1972-07-13 02:20:00
4072  1972-07-13 17:00:00 1972-07-13 18:00:00
4076  1972-07-14 03:58:00 1972-07-14 04:25:00
4082  1972-07-16 03:20:00 1972-07-16 05:00:00
4085  1972-07-17 05:05:00 1972-07-17 06:08:00
4086  1972-07-17 07:50:00 1972-07-17 09:50:00
4087  1972-07-17 12:05:00 1972-07-17 12:50:00
4088  1972-07-17 21:56:00 1972-07-18 01:30:00
4093  1972-07-20 02:30:00 1972-07-20 04:10:00
4103  1972-07-20 17:50:00 1972-07-20 18:40:00
4114  1972-07-21 08:03:00 1972-07-21 10:03:00
4115  1972-07-21 08:48:00 1972-07-21 10:00:00
4170  1972-07-24 05:39:00 1972-07-24 07:00:00
4176  1972-07-24 14:58:00 1972-07-24 15:40:00
4179  1972-07-24 16:11:00 1972-07-24 16:40:00
4219  1972-07-27 00:04:00 1972-07-27 01:00:00
4233  1972-07-28 02:23:00 1972-07-28 03:45:00
4236  1972-07-28 13:25:00 1972-07-28 14:30:00
4242  1972-07-30 03:18:00 1972-07-30 03:40:00
4243  1972-07-30 15:33:00 1972-07-30 15:55:00
4244  1972-07-31 18:08:00 1972-07-31 20:30:00
4251  1972-08-02 01:26:00 1972-08-02 02:40:00
4325  1972-08-09 20:07:00 1972-08-09 21:10:00
4335  1972-08-11 02:15:00 1972-08-11 02:35:00
4339  1972-08-11 09:45:00 1972-08-11 11:00:00
4341  1972-08-11 13:21:00 1972-08-11 14:20:00
4349  1972-08-14 01:43:00 1972-08-14 02:35:00
4350  1972-08-14 01:59:00 1972-08-14 02:30:00
4357  1972-08-15 03:23:00 1972-08-15 04:10:00
4359  1972-08-15 08:48:00 1972-08-15 09:40:00
4361  1972-08-15 15:17:00 1972-08-15 16:10:00
4374  1972-08-16 23:28:00 1972-08-17 00:25:00
4422  1972-08-20 00:00:00 1972-08-20 00:10:00
4481  1972-08-22 15:35:00 1972-08-22 16:20:00
4503  1972-08-23 12:15:00 1972-08-23 13:30:00
4548  1972-08-26 00:00:00 1972-08-26 01:10:00
4569  1972-08-29 18:43:00 1972-08-29 20:00:00
4570  1972-08-29 22:59:00 1972-08-30 00:50:00
4574  1972-08-30 19:03:00 1972-08-30 19:50:00
4585  1972-08-31 17:36:00 1972-08-31 18:00:00
4606  1972-09-04 13:56:00 1972-09-04 15:00:00
4617  1972-09-06 13:34:00 1972-09-06 14:20:00
4618  1972-09-06 16:36:00 1972-09-06 17:10:00
4623  1972-09-08 03:56:00 1972-09-08 04:50:00
4628  1972-09-08 14:36:00 1972-09-08 14:45:00
4629  1972-09-08 17:07:00 1972-09-08 18:00:00
4635  1972-09-10 02:40:00 1972-09-10 03:20:00
4638  1972-09-10 13:00:00 1972-09-10 14:30:00
4645  1972-09-12 12:36:00 1972-09-12 13:20:00
4665  1972-09-15 00:58:00 1972-09-15 01:10:00
4669  1972-09-16 02:54:00 1972-09-16 03:40:00
4679  1972-09-17 17:00:00 1972-09-17 17:30:00
4699  1972-09-18 18:31:00 1972-09-18 19:05:00
4701  1972-09-18 19:49:00 1972-09-18 20:40:00
4704  1972-09-18 23:39:00 1972-09-19 00:40:00
4715  1972-09-19 17:40:00 1972-09-19 18:10:00
4719  1972-09-19 22:30:00 1972-09-19 23:30:00
4732  1972-09-20 15:09:00 1972-09-20 15:55:00
4733  1972-09-20 15:56:00 1972-09-20 16:25:00
4738  1972-09-21 00:48:00 1972-09-21 02:30:00
4766  1972-09-23 12:20:00 1972-09-23 13:40:00
4774  1972-09-23 21:51:00 1972-09-23 22:30:00
4785  1972-09-25 10:20:00 1972-09-25 11:20:00
4799  1972-09-27 11:40:00 1972-09-27 12:40:00
4832  1972-10-04 09:44:00 1972-10-04 10:30:00
4834  1972-10-04 13:48:00 1972-10-04 14:40:00
4838  1972-10-05 21:42:00 1972-10-05 23:00:00
4841  1972-10-06 22:07:00 1972-10-06 23:25:00
4844  1972-10-07 20:02:00 1972-10-07 20:40:00
4845  1972-10-07 21:35:00 1972-10-07 21:55:00
4895  1972-10-15 07:45:00 1972-10-15 08:25:00
4899  1972-10-15 18:01:00 1972-10-15 19:30:00
4900  1972-10-15 20:18:00 1972-10-15 20:55:00
4904  1972-10-16 05:34:00 1972-10-16 06:10:00
4961  1972-10-21 05:18:00 1972-10-21 06:00:00
4981  1972-10-22 05:38:00 1972-10-22 06:15:00
4982  1972-10-22 06:44:00 1972-10-22 07:30:00
5044  1972-10-26 20:44:00 1972-10-26 22:10:00
5084  1972-11-01 02:30:00 1972-11-01 03:10:00
5108  1972-11-04 14:05:00 1972-11-04 14:40:00
5117  1972-11-05 09:49:00 1972-11-05 10:20:00
5118  1972-11-05 10:20:00 1972-11-05 10:50:00
5120  1972-11-05 11:52:00 1972-11-05 12:15:00
5122  1972-11-05 15:54:00 1972-11-05 16:25:00
5136  1972-11-06 04:24:00 1972-11-06 05:10:00
5175  1972-11-08 18:43:00 1972-11-08 19:30:00
5199  1972-11-09 22:25:00 1972-11-09 22:55:00
5206  1972-11-10 09:58:00 1972-11-10 10:20:00
5207  1972-11-10 10:28:00 1972-11-10 10:50:00
5227  1972-11-11 11:58:00 1972-11-11 12:40:00
5236  1972-11-12 08:34:00 1972-11-12 09:10:00
5240  1972-11-12 19:34:00 1972-11-12 19:50:00
5247  1972-11-13 02:35:00 1972-11-13 02:50:00
5265  1972-11-14 07:47:00 1972-11-14 08:30:00
5267  1972-11-14 19:25:00 1972-11-14 20:20:00
5272  1972-11-15 15:42:00 1972-11-15 16:20:00
5276  1972-11-15 20:46:00 1972-11-15 21:20:00
5284  1972-11-16 09:00:00 1972-11-16 09:25:00
5285  1972-11-16 09:22:00 1972-11-16 09:40:00
5288  1972-11-16 12:50:00 1972-11-16 13:30:00
5289  1972-11-16 13:30:00 1972-11-16 13:55:00
5296  1972-11-16 21:38:00 1972-11-16 22:00:00
5299  1972-11-17 01:30:00 1972-11-17 02:00:00
5316  1972-11-17 23:22:00 1972-11-17 23:40:00
5355  1972-11-19 18:24:00 1972-11-19 19:30:00
5365  1972-11-21 05:11:00 1972-11-21 07:11:00
5368  1972-11-22 20:53:00 1972-11-22 22:10:00
5377  1972-11-24 21:37:00 1972-11-24 22:22:00
5397  1972-12-01 05:17:00 1972-12-01 06:10:00
5399  1972-12-02 07:58:00 1972-12-02 08:58:00
5400  1972-12-02 21:46:00 1972-12-02 22:50:00
5402  1972-12-03 02:38:00 1972-12-03 03:38:00
5442  1972-12-06 14:09:00 1972-12-06 15:40:00
5462  1972-12-08 14:13:00 1972-12-08 15:00:00
5485  1972-12-11 09:19:00 1972-12-11 10:15:00
5490  1972-12-12 14:55:00 1972-12-12 15:40:00
5494  1972-12-13 12:20:00 1972-12-13 12:45:00
5500  1972-12-14 08:25:00 1972-12-14 09:05:00
5523  1972-12-17 00:41:00 1972-12-17 01:50:00
5527  1972-12-17 05:05:00 1972-12-17 05:35:00
5539  1972-12-19 21:22:00 1972-12-19 21:50:00
5561  1972-12-22 14:14:00 1972-12-22 14:50:00
5566  1972-12-23 14:50:00 1972-12-23 16:00:00
5575  1972-12-25 16:00:00 1972-12-25 17:00:00
5596  1972-12-30 19:10:00 1972-12-30 19:45:00
5646  1973-01-03 21:33:00 1973-01-03 22:10:00
5647  1973-01-03 23:48:00 1973-01-04 00:20:00
5678  1973-01-07 02:02:00 1973-01-07 02:30:00
5693  1973-01-11 08:47:00 1973-01-11 09:30:00
5755  1973-01-18 23:01:00 1973-01-19 01:00:00
5756  1973-01-18 23:59:00 1973-01-19 01:12:00
5787  1973-01-24 23:43:00 1973-01-24 23:56:00
5788  1973-01-25 16:11:00 1973-01-25 16:29:00
5789  1973-01-25 23:50:00 1973-01-26 00:28:00
5790  1973-01-26 01:29:00 1973-01-26 02:02:00
5791  1973-01-26 03:07:00 1973-01-26 04:10:00
5808  1973-01-29 11:27:00 1973-01-29 12:08:00
5817  1973-01-31 00:44:00 1973-01-31 01:42:00
5826  1973-02-01 03:43:00 1973-02-01 04:40:00
5832  1973-02-02 10:44:00 1973-02-02 11:18:00
5850  1973-02-05 15:27:00 1973-02-05 16:20:00
5852  1973-02-05 20:59:00 1973-02-05 22:10:00
5862  1973-02-09 12:28:00 1973-02-09 12:56:00
5888  1973-02-11 18:42:00 1973-02-11 19:10:00
5893  1973-02-12 10:56:00 1973-02-12 11:50:00
5896  1973-02-12 14:14:00 1973-02-12 14:45:00
5906  1973-02-13 05:16:00 1973-02-13 05:28:00
5925  1973-02-14 17:37:00 1973-02-14 18:10:00
5948  1973-02-15 23:35:00 1973-02-16 00:30:00
5952  1973-02-16 06:31:00 1973-02-16 07:20:00
5965  1973-02-17 23:00:00 1973-02-17 23:20:00
5968  1973-02-18 04:58:00 1973-02-18 05:20:00
5984  1973-02-19 04:14:00 1973-02-19 04:40:00
5990  1973-02-21 09:23:00 1973-02-21 10:10:00
5992  1973-02-22 02:36:00 1973-02-22 03:00:00
5996  1973-02-23 21:16:00 1973-02-23 21:35:00
5999  1973-02-24 06:22:00 1973-02-24 06:50:00
6032  1973-03-07 08:54:00 1973-03-07 09:55:00
6041  1973-03-11 21:11:00 1973-03-11 21:50:00
6047  1973-03-12 20:40:00 1973-03-12 22:00:00
6051  1973-03-13 22:07:00 1973-03-13 22:20:00
6058  1973-03-14 10:10:00 1973-03-14 10:55:00
6071  1973-03-15 13:46:00 1973-03-15 15:05:00
6072  1973-03-15 16:40:00 1973-03-15 17:20:00
6087  1973-03-16 16:58:00 1973-03-16 17:20:00
6088  1973-03-16 17:46:00 1973-03-16 18:20:00
6099  1973-03-17 08:58:00 1973-03-17 10:00:00
6115  1973-03-19 11:32:00 1973-03-19 12:25:00
6119  1973-03-20 06:05:00 1973-03-20 06:15:00
6121  1973-03-20 09:46:00 1973-03-20 10:35:00
6123  1973-03-20 18:35:00 1973-03-20 19:20:00
6126  1973-03-22 09:30:00 1973-03-22 10:10:00
6128  1973-03-22 15:18:00 1973-03-22 16:08:00
6135  1973-03-23 13:07:00 1973-03-23 13:35:00
6136  1973-03-23 17:07:00 1973-03-23 18:30:00
6140  1973-03-24 07:12:00 1973-03-24 07:45:00
6141  1973-03-24 19:23:00 1973-03-24 21:10:00
6156  1973-03-26 21:15:00 1973-03-26 22:00:00
6167  1973-03-27 15:10:00 1973-03-27 16:10:00
6202  1973-04-02 14:17:00 1973-04-02 15:20:00
6205  1973-04-03 14:07:00 1973-04-03 14:20:00
6216  1973-04-04 19:27:00 1973-04-04 20:00:00
6231  1973-04-07 04:47:00 1973-04-07 05:30:00
6239  1973-04-08 13:40:00 1973-04-08 14:20:00
6244  1973-04-11 17:53:00 1973-04-11 18:40:00
6245  1973-04-13 16:43:00 1973-04-13 16:45:00
6246  1973-04-13 18:05:00 1973-04-13 18:30:00
6250  1973-04-18 02:50:00 1973-04-18 03:15:00
6251  1973-04-18 03:48:00 1973-04-18 04:20:00
6262  1973-04-23 13:56:00 1973-04-23 15:40:00
6263  1973-04-23 21:08:00 1973-04-23 21:20:00
6296  1973-04-28 05:47:00 1973-04-28 06:10:00
6315  1973-04-29 22:42:00 1973-04-29 23:50:00
6362  1973-05-09 11:45:00 1973-05-09 12:40:00
6363  1973-05-09 18:51:00 1973-05-09 19:40:00
6364  1973-05-10 07:50:00 1973-05-10 08:20:00
6365  1973-05-10 08:36:00 1973-05-10 09:20:00
6366  1973-05-10 12:57:00 1973-05-10 13:50:00
6367  1973-05-11 05:13:00 1973-05-11 06:10:00
6368  1973-05-11 09:01:00 1973-05-11 09:35:00
6369  1973-05-11 20:28:00 1973-05-11 21:20:00
6370  1973-05-12 21:56:00 1973-05-12 22:30:00
6381  1973-05-14 00:44:00 1973-05-14 01:10:00
6434  1973-05-23 11:42:00 1973-05-23 12:15:00
6435  1973-05-23 18:54:00 1973-05-23 20:00:00
6444  1973-05-25 00:42:00 1973-05-25 01:20:00
6449  1973-05-25 17:06:00 1973-05-25 17:30:00
6450  1973-05-26 01:02:00 1973-05-26 02:30:00
6458  1973-05-27 17:03:00 1973-05-27 17:35:00
6459  1973-05-27 17:40:00 1973-05-27 18:05:00
6460  1973-05-27 18:05:00 1973-05-27 18:30:00
6468  1973-05-28 10:55:00 1973-05-28 11:50:00
6469  1973-05-28 11:48:00 1973-05-28 12:30:00
6471  1973-05-28 16:08:00 1973-05-28 17:20:00
6476  1973-05-29 01:54:00 1973-05-29 02:35:00
6483  1973-05-29 08:27:00 1973-05-29 09:00:00
6484  1973-05-29 10:01:00 1973-05-29 11:50:00
6497  1973-05-30 20:27:00 1973-05-30 21:10:00
6498  1973-05-30 21:58:00 1973-05-30 22:10:00
6504  1973-06-01 06:50:00 1973-06-01 07:20:00
6506  1973-06-01 22:39:00 1973-06-01 23:10:00
6512  1973-06-02 19:28:00 1973-06-02 20:00:00
6513  1973-06-02 23:05:00 1973-06-02 23:50:00
6515  1973-06-03 12:06:00 1973-06-03 12:35:00
6516  1973-06-04 04:50:00 1973-06-04 05:20:00
6518  1973-06-04 08:07:00 1973-06-04 08:40:00
6520  1973-06-04 20:20:00 1973-06-04 21:00:00
6521  1973-06-05 02:38:00 1973-06-05 03:40:00
6524  1973-06-06 07:38:00 1973-06-06 08:10:00
6526  1973-06-06 22:39:00 1973-06-06 23:10:00
6527  1973-06-07 00:28:00 1973-06-07 01:20:00
6528  1973-06-07 03:45:00 1973-06-07 04:20:00
6529  1973-06-07 05:11:00 1973-06-07 05:40:00
6533  1973-06-09 07:48:00 1973-06-09 08:30:00
6535  1973-06-09 16:10:00 1973-06-09 16:40:00
6537  1973-06-10 05:40:00 1973-06-10 06:10:00
6538  1973-06-12 00:25:00 1973-06-12 01:00:00
6540  1973-06-13 04:50:00 1973-06-13 05:20:00
6542  1973-06-13 22:48:00 1973-06-13 23:20:00
6543  1973-06-14 02:20:00 1973-06-14 02:50:00
6544  1973-06-14 05:43:00 1973-06-14 06:10:00
6545  1973-06-14 12:53:00 1973-06-14 13:30:00
6548  1973-06-15 20:13:00 1973-06-15 21:00:00
6551  1973-06-16 05:55:00 1973-06-16 06:30:00
6554  1973-06-16 16:43:00 1973-06-16 17:20:00
6555  1973-06-16 18:43:00 1973-06-16 19:15:00
6558  1973-06-18 01:42:00 1973-06-18 02:40:00
6564  1973-06-20 00:45:00 1973-06-20 01:10:00
6565  1973-06-20 16:00:00 1973-06-20 16:30:00
6568  1973-06-22 06:42:00 1973-06-22 07:35:00
6575  1973-06-23 08:20:00 1973-06-23 09:00:00
6580  1973-06-24 22:54:00 1973-06-25 00:53:00
6619  1973-06-27 18:36:00 1973-06-27 20:00:00
6651  1973-07-02 06:00:00 1973-07-02 06:50:00
6661  1973-07-03 18:15:00 1973-07-03 20:00:00
6663  1973-07-04 02:46:00 1973-07-04 04:30:00
6664  1973-07-04 05:12:00 1973-07-04 06:00:00
6671  1973-07-06 07:37:00 1973-07-06 08:10:00
6674  1973-07-08 05:30:00 1973-07-08 07:30:00
6675  1973-07-08 05:57:00 1973-07-08 07:00:00
6682  1973-07-10 06:14:00 1973-07-10 07:00:00
6686  1973-07-10 18:15:00 1973-07-10 19:10:00
6706  1973-07-12 18:03:00 1973-07-12 18:40:00
6726  1973-07-15 21:18:00 1973-07-15 21:50:00
6728  1973-07-16 11:40:00 1973-07-16 12:30:00
6734  1973-07-17 09:58:00 1973-07-17 10:15:00
6742  1973-07-20 08:18:00 1973-07-20 09:35:00
6757  1973-07-23 01:14:00 1973-07-23 02:00:00
6771  1973-07-24 08:45:00 1973-07-24 09:40:00
6779  1973-07-25 17:00:00 1973-07-25 17:25:00
6792  1973-07-28 00:52:00 1973-07-28 02:10:00
6795  1973-07-28 11:40:00 1973-07-28 12:00:00
6796  1973-07-29 00:55:00 1973-07-29 01:30:00
6799  1973-07-29 18:28:00 1973-07-29 19:10:00
6800  1973-07-29 20:18:00 1973-07-29 21:00:00
6801  1973-07-29 23:31:00 1973-07-30 00:50:00
6802  1973-07-30 05:38:00 1973-07-30 06:00:00
6806  1973-07-31 06:11:00 1973-07-31 07:10:00
6808  1973-07-31 09:55:00 1973-07-31 10:45:00
6817  1973-08-01 08:54:00 1973-08-01 10:20:00
6818  1973-08-01 11:02:00 1973-08-01 12:40:00
6833  1973-08-03 19:01:00 1973-08-03 19:30:00
6842  1973-08-06 07:03:00 1973-08-06 07:40:00
6856  1973-08-08 05:08:00 1973-08-08 05:25:00
6857  1973-08-08 17:19:00 1973-08-08 19:20:00
6859  1973-08-08 23:47:00 1973-08-09 00:30:00
6861  1973-08-09 04:02:00 1973-08-09 04:15:00
6864  1973-08-09 16:28:00 1973-08-09 16:50:00
6867  1973-08-10 11:54:00 1973-08-10 12:10:00
6868  1973-08-10 18:00:00 1973-08-10 18:40:00
6880  1973-08-12 23:52:00 1973-08-13 00:35:00
6901  1973-08-19 07:28:00 1973-08-19 08:00:00
6909  1973-08-21 12:17:00 1973-08-21 14:10:00
6917  1973-08-25 02:45:00 1973-08-25 03:40:00
6918  1973-08-27 00:04:00 1973-08-27 00:50:00
6922  1973-08-29 15:33:00 1973-08-29 16:25:00
6927  1973-08-31 14:25:00 1973-08-31 15:05:00
6929  1973-09-01 01:05:00 1973-09-01 01:35:00
6932  1973-09-01 06:59:00 1973-09-01 08:00:00
6934  1973-09-01 09:30:00 1973-09-01 10:20:00
6937  1973-09-01 12:58:00 1973-09-01 14:10:00
6948  1973-09-02 16:47:00 1973-09-02 17:35:00
6951  1973-09-03 08:25:00 1973-09-03 09:00:00
6955  1973-09-04 04:41:00 1973-09-04 04:50:00
6963  1973-09-05 11:42:00 1973-09-05 12:30:00
6975  1973-09-08 02:59:00 1973-09-08 03:25:00
6993  1973-09-09 11:25:00 1973-09-09 11:40:00
7003  1973-09-10 04:00:00 1973-09-10 04:20:00
7021  1973-09-11 11:19:00 1973-09-11 11:20:00
7026  1973-09-12 09:13:00 1973-09-12 10:00:00
7042  1973-09-14 05:36:00 1973-09-14 06:10:00
7055  1973-09-16 02:24:00 1973-09-16 03:00:00
7058  1973-09-16 13:20:00 1973-09-16 13:40:00
7061  1973-09-16 20:07:00 1973-09-16 20:30:00
7065  1973-09-17 22:54:00 1973-09-17 23:20:00
7072  1973-09-19 09:32:00 1973-09-19 12:00:00
7076  1973-09-20 03:48:00 1973-09-20 04:20:00
7079  1973-09-21 11:42:00 1973-09-21 12:10:00
7081  1973-09-23 04:22:00 1973-09-23 05:00:00
7084  1973-09-26 15:34:00 1973-09-26 16:10:00
7085  1973-09-26 20:48:00 1973-09-26 21:50:00
7086  1973-09-26 23:58:00 1973-09-27 00:50:00
7116  1973-10-03 20:31:00 1973-10-03 21:55:00
7121  1973-10-05 13:45:00 1973-10-05 14:35:00
7146  1973-10-07 12:22:00 1973-10-07 13:00:00
7149  1973-10-07 16:10:00 1973-10-07 16:45:00
7153  1973-10-07 21:37:00 1973-10-07 22:15:00
7186  1973-10-10 03:01:00 1973-10-10 04:40:00
7249  1973-10-18 13:49:00 1973-10-18 14:50:00
7251  1973-10-19 10:10:00 1973-10-19 11:20:00
7256  1973-10-21 05:32:00 1973-10-21 06:50:00
7258  1973-10-22 08:05:00 1973-10-22 09:00:00
7263  1973-10-24 10:34:00 1973-10-24 11:30:00
7271  1973-10-27 11:13:00 1973-10-27 12:00:00
7275  1973-10-29 07:50:00 1973-10-29 09:50:00
7277  1973-10-29 19:22:00 1973-10-29 20:10:00
7279  1973-10-30 05:22:00 1973-10-30 06:00:00
7286  1973-11-01 08:28:00 1973-11-01 09:25:00
7288  1973-11-03 10:00:00 1973-11-03 10:30:00
7289  1973-11-03 16:10:00 1973-11-03 16:40:00
7295  1973-11-05 17:21:00 1973-11-05 17:55:00
7297  1973-11-06 03:38:00 1973-11-06 04:20:00
7299  1973-11-07 14:38:00 1973-11-07 15:00:00
7300  1973-11-07 19:19:00 1973-11-07 19:55:00
7320  1973-11-10 02:52:00 1973-11-10 03:30:00
7330  1973-11-13 15:45:00 1973-11-13 16:35:00
7331  1973-11-14 02:16:00 1973-11-14 02:55:00
7332  1973-11-17 01:53:00 1973-11-17 02:40:00
7334  1973-11-18 14:23:00 1973-11-18 15:05:00
7335  1973-11-20 21:00:00 1973-11-20 21:40:00
7336  1973-11-21 15:22:00 1973-11-21 16:20:00
7337  1973-11-22 13:57:00 1973-11-22 14:55:00
7347  1973-11-25 03:02:00 1973-11-25 03:30:00
7357  1973-11-27 14:06:00 1973-11-27 15:00:00
7359  1973-11-29 17:33:00 1973-11-29 18:10:00
7360  1973-11-29 22:42:00 1973-11-29 23:30:00
7361  1973-11-30 11:10:00 1973-11-30 11:50:00
7363  1973-11-30 23:57:00 1973-12-01 00:15:00
7367  1973-12-01 16:24:00 1973-12-01 16:45:00
7390  1973-12-05 13:18:00 1973-12-05 15:18:00
7411  1973-12-07 05:57:00 1973-12-07 07:57:00
7423  1973-12-10 12:40:00 1973-12-10 13:20:00
7428  1973-12-10 22:08:00 1973-12-10 23:00:00
7430  1973-12-13 01:28:00 1973-12-13 02:05:00
7431  1973-12-13 06:07:00 1973-12-13 06:40:00
7433  1973-12-14 06:50:00 1973-12-14 07:15:00
7434  1973-12-14 21:20:00 1973-12-14 22:05:00
7435  1973-12-16 05:55:00 1973-12-16 06:50:00
7437  1973-12-16 07:47:00 1973-12-16 08:20:00
7440  1973-12-17 18:55:00 1973-12-17 19:30:00
7442  1973-12-18 21:07:00 1973-12-18 22:05:00
7478  1973-12-23 20:08:00 1973-12-23 21:00:00
7479  1973-12-23 21:34:00 1973-12-23 22:40:00
7483  1973-12-24 10:05:00 1973-12-24 11:30:00
7491  1973-12-28 08:10:00 1973-12-28 08:50:00
7511  1974-01-01 09:02:00 1974-01-01 09:40:00
7512  1974-01-01 09:52:00 1974-01-01 10:30:00
7518  1974-01-02 19:01:00 1974-01-02 19:30:00
7531  1974-01-04 03:48:00 1974-01-04 04:00:00
7534  1974-01-04 05:27:00 1974-01-04 06:00:00
7542  1974-01-04 20:22:00 1974-01-04 23:00:00
7545  1974-01-05 03:14:00 1974-01-05 04:30:00
7561  1974-01-07 05:40:00 1974-01-07 06:25:00
7569  1974-01-08 07:22:00 1974-01-08 08:00:00
7570  1974-01-09 19:52:00 1974-01-09 20:45:00
7571  1974-01-10 15:42:00 1974-01-10 16:20:00
7574  1974-01-10 23:21:00 1974-01-11 00:55:00
7584  1974-01-14 19:16:00 1974-01-14 20:40:00
7586  1974-01-16 00:40:00 1974-01-16 01:20:00
7593  1974-01-19 20:16:00 1974-01-19 21:10:00
7596  1974-01-20 17:30:00 1974-01-20 18:20:00
7597  1974-01-20 22:50:00 1974-01-20 23:20:00
7606  1974-01-24 13:10:00 1974-01-24 13:50:00
7608  1974-01-25 10:15:00 1974-01-25 10:55:00
7618  1974-01-29 15:58:00 1974-01-29 16:30:00
7636  1974-02-02 20:20:00 1974-02-02 20:55:00
7638  1974-02-03 01:03:00 1974-02-03 02:10:00
7645  1974-02-05 20:55:00 1974-02-05 21:20:00
7646  1974-02-05 21:23:00 1974-02-05 22:30:00
7647  1974-02-06 00:55:00 1974-02-06 01:50:00
7648  1974-02-06 08:55:00 1974-02-06 09:25:00
7649  1974-02-06 09:10:00 1974-02-06 09:40:00
7651  1974-02-07 06:21:00 1974-02-07 08:21:00
7652  1974-02-07 07:10:00 1974-02-07 08:10:00
7653  1974-02-07 14:09:00 1974-02-07 14:40:00
7656  1974-02-09 00:49:00 1974-02-09 01:40:00
7670  1974-02-12 16:50:00 1974-02-12 17:40:00
7671  1974-02-12 22:30:00 1974-02-12 23:10:00
7675  1974-02-13 20:07:00 1974-02-13 20:50:00
7676  1974-02-13 22:05:00 1974-02-13 22:40:00
7722  1974-02-18 05:20:00 1974-02-18 05:40:00
7725  1974-02-18 12:10:00 1974-02-18 12:40:00
7731  1974-02-19 15:42:00 1974-02-19 16:25:00
7732  1974-02-19 16:57:00 1974-02-19 17:40:00
7733  1974-02-19 22:07:00 1974-02-19 22:25:00
7743  1974-02-22 06:05:00 1974-02-22 07:10:00
7744  1974-02-22 13:31:00 1974-02-22 14:30:00
7746  1974-02-24 05:14:00 1974-02-24 05:30:00
7767  1974-02-27 17:28:00 1974-02-27 18:40:00
7784  1974-03-03 11:52:00 1974-03-03 12:30:00
7785  1974-03-03 15:05:00 1974-03-03 16:00:00
7789  1974-03-04 23:41:00 1974-03-05 00:10:00
7790  1974-03-05 03:36:00 1974-03-05 04:00:00
7801  1974-03-06 07:06:00 1974-03-06 07:30:00
7811  1974-03-07 07:18:00 1974-03-07 07:30:00
7814  1974-03-07 13:05:00 1974-03-07 13:30:00
7822  1974-03-09 04:45:00 1974-03-09 05:40:00
7823  1974-03-09 06:15:00 1974-03-09 07:00:00
7827  1974-03-10 00:58:00 1974-03-10 01:05:00
7833  1974-03-10 11:05:00 1974-03-10 11:40:00
7836  1974-03-10 19:50:00 1974-03-10 20:30:00
7837  1974-03-10 21:50:00 1974-03-10 22:30:00
7843  1974-03-11 23:33:00 1974-03-11 23:50:00
7844  1974-03-12 02:21:00 1974-03-12 02:50:00
7845  1974-03-12 03:28:00 1974-03-12 03:50:00
7846  1974-03-12 12:33:00 1974-03-12 13:10:00
7849  1974-03-13 04:04:00 1974-03-13 04:15:00
7856  1974-03-14 07:34:00 1974-03-14 08:50:00
7859  1974-03-15 04:26:00 1974-03-15 04:35:00
7863  1974-03-15 18:10:00 1974-03-15 18:40:00
7872  1974-03-16 22:01:00 1974-03-16 22:20:00
7874  1974-03-17 00:23:00 1974-03-17 02:30:00
7882  1974-03-18 02:46:00 1974-03-18 03:30:00
7889  1974-03-19 00:40:00 1974-03-19 01:50:00
7897  1974-03-21 17:07:00 1974-03-21 17:50:00
7899  1974-03-22 21:05:00 1974-03-22 22:20:00
7903  1974-03-25 09:10:00 1974-03-25 10:30:00
7906  1974-03-25 16:58:00 1974-03-25 18:35:00
7914  1974-03-28 08:50:00 1974-03-28 09:20:00
7915  1974-03-28 09:35:00 1974-03-28 10:10:00
7916  1974-03-28 10:40:00 1974-03-28 11:10:00
7919  1974-03-29 09:50:00 1974-03-29 10:20:00
7920  1974-03-30 00:28:00 1974-03-30 01:00:00
7922  1974-04-01 03:03:00 1974-04-01 04:00:00
7924  1974-04-01 19:35:00 1974-04-01 20:15:00
7925  1974-04-01 20:25:00 1974-04-01 20:55:00
7926  1974-04-02 21:48:00 1974-04-02 22:35:00
7927  1974-04-06 04:02:00 1974-04-06 04:20:00
7928  1974-04-06 13:50:00 1974-04-06 14:30:00
7929  1974-04-06 17:40:00 1974-04-06 18:10:00
7933  1974-04-07 21:45:00 1974-04-07 22:10:00
7934  1974-04-08 08:40:00 1974-04-08 09:30:00
7938  1974-04-09 00:01:00 1974-04-09 00:30:00
7964  1974-04-16 11:44:00 1974-04-16 12:41:00
7966  1974-04-16 16:14:00 1974-04-16 16:41:00
7981  1974-04-19 18:34:00 1974-04-19 20:05:00
7987  1974-04-20 09:13:00 1974-04-20 09:38:00
8007  1974-04-23 01:35:00 1974-04-23 02:30:00
8013  1974-04-26 00:02:00 1974-04-26 01:15:00
8018  1974-04-27 14:18:00 1974-04-27 16:00:00
8019  1974-04-27 19:52:00 1974-04-27 20:03:00
8020  1974-04-27 22:22:00 1974-04-27 23:30:00
8021  1974-04-28 07:22:00 1974-04-28 08:05:00
8022  1974-04-29 20:11:00 1974-04-29 21:15:00
8025  1974-05-05 21:50:00 1974-05-05 22:30:00
8041  1974-05-09 13:28:00 1974-05-09 14:23:00
8097  1974-05-19 19:16:00 1974-05-19 20:28:00
8110  1974-05-21 09:44:00 1974-05-21 10:06:00
8111  1974-05-21 11:56:00 1974-05-21 12:14:00
8116  1974-05-22 11:06:00 1974-05-22 11:48:00
8131  1974-05-25 00:01:00 1974-05-25 01:23:00
8133  1974-05-25 04:50:00 1974-05-25 05:03:00
8134  1974-05-25 06:48:00 1974-05-25 07:00:00
8138  1974-05-29 10:55:00 1974-05-29 12:00:00
8146  1974-06-01 06:58:00 1974-06-01 07:30:00
8150  1974-06-02 15:40:00 1974-06-02 15:55:00
8153  1974-06-04 01:03:00 1974-06-04 01:40:00
8154  1974-06-04 06:50:00 1974-06-04 07:40:00
8155  1974-06-04 09:48:00 1974-06-04 10:40:00
8162  1974-06-07 17:15:00 1974-06-07 17:30:00
8163  1974-06-08 10:38:00 1974-06-08 11:20:00
8164  1974-06-09 16:11:00 1974-06-09 16:50:00
8165  1974-06-09 18:24:00 1974-06-09 19:10:00
8166  1974-06-10 03:44:00 1974-06-10 03:54:00
8176  1974-06-15 23:03:00 1974-06-15 23:24:00
8179  1974-06-16 07:01:00 1974-06-16 07:32:00
8184  1974-06-16 14:08:00 1974-06-16 14:50:00
8186  1974-06-16 19:33:00 1974-06-16 21:10:00
8191  1974-06-18 00:06:00 1974-06-18 00:55:00
8195  1974-06-19 16:48:00 1974-06-19 17:40:00
8198  1974-06-19 18:59:00 1974-06-19 19:45:00
8203  1974-06-23 15:17:00 1974-06-23 15:30:00
8205  1974-06-25 00:23:00 1974-06-25 02:30:00
8209  1974-06-26 11:48:00 1974-06-26 12:00:00
8211  1974-06-27 07:53:00 1974-06-27 08:20:00
8213  1974-06-27 15:41:00 1974-06-27 16:10:00
8228  1974-06-28 11:12:00 1974-06-28 11:40:00
8233  1974-06-28 18:02:00 1974-06-28 18:35:00
8237  1974-06-29 16:15:00 1974-06-29 17:00:00
8240  1974-06-29 22:32:00 1974-06-29 23:00:00
8242  1974-06-30 08:33:00 1974-06-30 09:10:00
8244  1974-06-30 17:45:00 1974-06-30 19:00:00
8249  1974-07-01 21:27:00 1974-07-01 22:20:00
8251  1974-07-02 22:10:00 1974-07-02 23:00:00
8252  1974-07-03 04:04:00 1974-07-03 05:00:00
8253  1974-07-03 11:09:00 1974-07-03 11:35:00
8256  1974-07-03 14:17:00 1974-07-03 14:40:00
8257  1974-07-04 07:49:00 1974-07-04 08:30:00
8258  1974-07-04 16:54:00 1974-07-04 17:25:00
8261  1974-07-06 02:57:00 1974-07-06 04:30:00
8262  1974-07-06 14:14:00 1974-07-06 16:00:00
8267  1974-07-10 21:58:00 1974-07-10 22:30:00
8272  1974-07-12 02:36:00 1974-07-12 03:10:00
8277  1974-07-13 20:32:00 1974-07-13 21:00:00
8285  1974-07-15 03:22:00 1974-07-15 04:25:00
8290  1974-07-16 07:56:00 1974-07-16 08:25:00
8295  1974-07-17 12:05:00 1974-07-17 14:05:00
8303  1974-07-19 18:25:00 1974-07-19 19:10:00
8304  1974-07-20 04:50:00 1974-07-20 05:15:00
8305  1974-07-20 06:42:00 1974-07-20 07:20:00
8322  1974-07-25 14:14:00 1974-07-25 15:19:00
8324  1974-07-26 08:01:00 1974-07-26 08:23:00
8325  1974-07-26 20:29:00 1974-07-26 21:25:00
8331  1974-07-29 14:06:00 1974-07-29 14:40:00
8340  1974-08-02 07:44:00 1974-08-02 07:55:00
8345  1974-08-04 04:30:00 1974-08-04 05:00:00
8346  1974-08-04 12:53:00 1974-08-04 14:10:00
8348  1974-08-04 23:43:00 1974-08-05 00:10:00
8389  1974-08-14 17:59:00 1974-08-14 19:50:00
8396  1974-08-17 14:13:00 1974-08-17 15:00:00
8398  1974-08-19 08:18:00 1974-08-19 08:50:00
8404  1974-08-20 09:33:00 1974-08-20 09:55:00
8406  1974-08-20 16:39:00 1974-08-20 17:10:00
8415  1974-08-23 10:23:00 1974-08-23 11:30:00
8418  1974-08-23 14:05:00 1974-08-23 16:05:00
8419  1974-08-23 14:28:00 1974-08-23 15:00:00
8424  1974-08-24 15:27:00 1974-08-24 16:00:00
8425  1974-08-24 16:27:00 1974-08-24 17:15:00
8426  1974-08-25 08:18:00 1974-08-25 08:45:00
8434  1974-08-27 17:39:00 1974-08-27 17:47:00
8435  1974-08-27 18:21:00 1974-08-27 18:37:00
8442  1974-08-28 09:53:00 1974-08-28 10:12:00
8445  1974-08-28 20:23:00 1974-08-28 20:40:00
8459  1974-09-01 15:17:00 1974-09-01 16:10:00
8464  1974-09-03 19:04:00 1974-09-03 19:25:00
8465  1974-09-03 23:35:00 1974-09-03 23:59:00
8488  1974-09-08 22:34:00 1974-09-08 23:10:00
8491  1974-09-09 07:55:00 1974-09-09 09:00:00
8492  1974-09-09 14:20:00 1974-09-09 14:50:00
8494  1974-09-10 01:17:00 1974-09-10 02:00:00
8496  1974-09-10 15:14:00 1974-09-10 16:00:00
8506  1974-09-13 17:12:00 1974-09-13 17:22:00
8525  1974-09-18 07:43:00 1974-09-18 08:05:00
8526  1974-09-18 08:32:00 1974-09-18 09:10:00
8533  1974-09-19 18:13:00 1974-09-19 20:13:00
8534  1974-09-19 19:43:00 1974-09-19 20:10:00
8535  1974-09-19 20:37:00 1974-09-19 21:05:00
8537  1974-09-20 09:25:00 1974-09-20 10:00:00
8539  1974-09-21 06:42:00 1974-09-21 07:20:00
8543  1974-09-22 14:11:00 1974-09-22 14:45:00
8544  1974-09-23 11:53:00 1974-09-23 13:10:00
8545  1974-09-24 09:52:00 1974-09-24 10:50:00
8548  1974-09-25 05:45:00 1974-09-25 06:50:00
8554  1974-09-28 13:45:00 1974-09-28 14:20:00
8556  1974-09-29 14:20:00 1974-09-29 15:00:00
8559  1974-09-30 01:14:00 1974-09-30 01:48:00
8560  1974-09-30 19:40:00 1974-09-30 20:07:00
8567  1974-10-02 13:27:00 1974-10-02 14:37:00
8568  1974-10-02 20:53:00 1974-10-02 21:59:00
8570  1974-10-03 10:40:00 1974-10-03 10:55:00
8574  1974-10-04 18:43:00 1974-10-04 19:05:00
8575  1974-10-05 01:27:00 1974-10-05 01:48:00
8577  1974-10-05 06:21:00 1974-10-05 07:10:00
8578  1974-10-05 19:04:00 1974-10-05 19:36:00
8579  1974-10-06 13:36:00 1974-10-06 14:15:00
8587  1974-10-11 12:31:00 1974-10-11 13:50:00
8590  1974-10-13 15:36:00 1974-10-13 16:10:00
8598  1974-10-14 12:08:00 1974-10-14 12:55:00
8600  1974-10-14 17:43:00 1974-10-14 19:00:00
8608  1974-10-16 16:02:00 1974-10-16 17:00:00
8615  1974-10-18 18:57:00 1974-10-18 19:55:00
8619  1974-10-19 19:38:00 1974-10-19 20:40:00
8620  1974-10-19 23:42:00 1974-10-20 00:00:00
8622  1974-10-20 06:07:00 1974-10-20 06:59:00
8626  1974-10-21 08:42:00 1974-10-21 09:10:00
8627  1974-10-21 10:51:00 1974-10-21 11:05:00
8628  1974-10-21 14:46:00 1974-10-21 15:10:00
8631  1974-10-22 00:43:00 1974-10-22 02:43:00
8633  1974-10-22 05:15:00 1974-10-22 06:10:00
8639  1974-10-23 22:15:00 1974-10-23 22:45:00
8641  1974-10-25 01:00:00 1974-10-25 01:20:00
8643  1974-10-26 02:52:00 1974-10-26 03:50:00
8649  1974-10-26 23:48:00 1974-10-27 00:35:00
8651  1974-10-27 10:40:00 1974-10-27 11:00:00
8661  1974-10-29 16:26:00 1974-10-29 17:55:00
8662  1974-10-29 17:52:00 1974-10-29 18:30:00
8663  1974-10-30 01:25:00 1974-10-30 02:10:00
8665  1974-10-30 08:00:00 1974-10-30 08:20:00
8666  1974-10-30 08:10:00 1974-10-30 08:50:00
8674  1974-11-01 06:28:00 1974-11-01 07:20:00
8676  1974-11-01 11:42:00 1974-11-01 13:40:00
8678  1974-11-03 02:55:00 1974-11-03 03:20:00
8683  1974-11-06 12:23:00 1974-11-06 12:50:00
8684  1974-11-06 19:55:00 1974-11-06 20:30:00
8685  1974-11-06 22:39:00 1974-11-06 23:35:00
8686  1974-11-07 16:51:00 1974-11-07 17:38:00
8687  1974-11-07 18:07:00 1974-11-07 19:03:00
8688  1974-11-08 06:56:00 1974-11-08 07:40:00
8689  1974-11-08 16:48:00 1974-11-08 18:12:00
8690  1974-11-08 19:21:00 1974-11-08 20:20:00
8704  1974-11-11 11:00:00 1974-11-11 11:30:00
8707  1974-11-11 17:00:00 1974-11-11 17:45:00
8708  1974-11-11 23:55:00 1974-11-12 00:20:00
8710  1974-11-12 05:09:00 1974-11-12 06:15:00
8711  1974-11-12 07:59:00 1974-11-12 08:35:00
8718  1974-11-14 06:59:00 1974-11-14 07:30:00
8722  1974-11-14 20:40:00 1974-11-14 21:40:00
8723  1974-11-14 22:29:00 1974-11-15 00:29:00
8725  1974-11-15 03:45:00 1974-11-15 04:20:00
8726  1974-11-16 04:30:00 1974-11-16 05:00:00
8727  1974-11-16 09:04:00 1974-11-16 09:35:00
8728  1974-11-16 10:36:00 1974-11-16 11:15:00
8729  1974-11-16 20:10:00 1974-11-16 20:50:00
8730  1974-11-16 23:09:00 1974-11-17 01:08:00
8731  1974-11-16 23:26:00 1974-11-16 23:54:00
8732  1974-11-17 03:49:00 1974-11-17 04:40:00
8733  1974-11-17 11:55:00 1974-11-17 12:40:00
8734  1974-11-17 16:30:00 1974-11-17 17:00:00
8735  1974-11-17 19:53:00 1974-11-17 20:50:00
8736  1974-11-17 20:09:00 1974-11-17 20:40:00
8737  1974-11-18 06:32:00 1974-11-18 07:20:00
8739  1974-11-18 19:26:00 1974-11-18 20:25:00
8742  1974-11-19 15:28:00 1974-11-19 15:50:00
8747  1974-11-20 08:12:00 1974-11-20 09:10:00
8749  1974-11-20 12:53:00 1974-11-20 14:53:00
8750  1974-11-20 13:21:00 1974-11-20 14:20:00
8752  1974-11-21 11:03:00 1974-11-21 12:00:00
8753  1974-11-21 13:16:00 1974-11-21 15:40:00
8754  1974-11-21 17:19:00 1974-11-21 18:15:00
8755  1974-11-21 21:44:00 1974-11-21 22:40:00
8757  1974-11-22 00:15:00 1974-11-22 02:15:00
8758  1974-11-22 00:29:00 1974-11-22 01:05:00
8759  1974-11-22 11:58:00 1974-11-22 13:00:00
8760  1974-11-23 15:45:00 1974-11-23 16:25:00
8761  1974-11-24 11:12:00 1974-11-24 12:10:00
8764  1974-11-25 05:28:00 1974-11-25 06:00:00
8766  1974-11-26 03:23:00 1974-11-26 04:50:00
8767  1974-11-26 18:43:00 1974-11-26 19:30:00
8772  1974-11-27 15:13:00 1974-11-27 16:20:00
8776  1974-11-30 09:02:00 1974-11-30 09:35:00
8779  1974-12-01 05:50:00 1974-12-01 06:30:00
8780  1974-12-01 19:00:00 1974-12-01 19:50:00
8781  1974-12-02 09:45:00 1974-12-02 10:10:00
8782  1974-12-02 15:24:00 1974-12-02 15:55:00
8783  1974-12-02 22:34:00 1974-12-02 23:10:00
8789  1974-12-07 16:29:00 1974-12-07 17:30:00
8790  1974-12-07 20:02:00 1974-12-07 20:50:00
8793  1974-12-08 13:33:00 1974-12-08 14:25:00
8801  1974-12-09 09:30:00 1974-12-09 11:00:00
8813  1974-12-11 04:10:00 1974-12-11 04:50:00
8818  1974-12-12 03:56:00 1974-12-12 04:30:00
8820  1974-12-12 17:42:00 1974-12-12 18:30:00
8822  1974-12-13 04:27:00 1974-12-13 06:27:00
8823  1974-12-13 04:32:00 1974-12-13 05:10:00
8825  1974-12-13 18:03:00 1974-12-13 18:28:00
8826  1974-12-13 20:02:00 1974-12-13 20:20:00
8827  1974-12-13 21:13:00 1974-12-13 21:50:00
8828  1974-12-13 23:55:00 1974-12-14 00:10:00
8829  1974-12-14 01:28:00 1974-12-14 01:50:00
8830  1974-12-14 02:51:00 1974-12-14 04:51:00
8831  1974-12-14 03:17:00 1974-12-14 03:50:00
8833  1974-12-14 09:25:00 1974-12-14 09:45:00
8834  1974-12-14 11:49:00 1974-12-14 13:00:00
8835  1974-12-14 17:01:00 1974-12-14 17:20:00
8836  1974-12-14 22:28:00 1974-12-14 22:55:00
8837  1974-12-14 23:32:00 1974-12-14 23:45:00
8838  1974-12-14 23:54:00 1974-12-15 00:45:00
8840  1974-12-15 04:00:00 1974-12-15 04:50:00
8841  1974-12-15 05:43:00 1974-12-15 06:25:00
8844  1974-12-15 09:08:00 1974-12-15 10:55:00
8845  1974-12-15 11:37:00 1974-12-15 12:25:00
8846  1974-12-15 13:00:00 1974-12-15 13:30:00
8850  1974-12-17 18:01:00 1974-12-17 18:40:00
8851  1974-12-19 06:46:00 1974-12-19 07:30:00
8852  1974-12-19 09:33:00 1974-12-19 10:00:00
8854  1974-12-20 21:15:00 1974-12-20 21:40:00
8855  1974-12-21 01:11:00 1974-12-21 02:00:00
8860  1974-12-22 15:30:00 1974-12-22 15:50:00
8865  1974-12-25 05:18:00 1974-12-25 05:50:00
8866  1974-12-25 12:48:00 1974-12-25 13:15:00
8867  1974-12-25 21:24:00 1974-12-25 22:20:00
8869  1974-12-26 07:38:00 1974-12-26 08:30:00
8870  1974-12-26 14:02:00 1974-12-26 14:40:00
8871  1974-12-26 18:47:00 1974-12-26 19:30:00
8872  1974-12-26 22:38:00 1974-12-26 23:05:00
8875  1974-12-27 09:31:00 1974-12-27 10:05:00
8880  1974-12-29 05:47:00 1974-12-29 06:20:00
8881  1974-12-29 11:00:00 1974-12-29 11:45:00
8883  1974-12-30 21:20:00 1974-12-30 22:40:00
8884  1974-12-31 21:25:00 1974-12-31 22:00:00
8885  1974-12-31 22:35:00 1974-12-31 23:30:00
8886  1975-01-02 09:10:00 1975-01-02 10:50:00
8887  1975-01-02 14:18:00 1975-01-02 14:50:00
8890  1975-01-05 08:26:00 1975-01-05 09:00:00
8891  1975-01-05 09:12:00 1975-01-05 09:40:00
8893  1975-01-06 00:20:00 1975-01-06 01:00:00
8894  1975-01-06 10:05:00 1975-01-06 10:50:00
8898  1975-01-07 01:20:00 1975-01-07 02:00:00
8899  1975-01-07 03:26:00 1975-01-07 04:20:00
8900  1975-01-08 08:32:00 1975-01-08 09:15:00
8911  1975-01-12 00:30:00 1975-01-12 01:00:00
8918  1975-01-16 23:04:00 1975-01-16 23:39:00
8920  1975-01-19 02:46:00 1975-01-19 02:58:00
8921  1975-01-19 10:53:00 1975-01-19 11:20:00
8924  1975-01-20 04:56:00 1975-01-20 05:40:00
8926  1975-01-20 07:23:00 1975-01-20 08:30:00
8933  1975-01-21 01:03:00 1975-01-21 01:50:00
8934  1975-01-21 02:04:00 1975-01-21 02:35:00
8946  1975-01-23 19:27:00 1975-01-23 19:50:00
8950  1975-01-24 09:34:00 1975-01-24 10:20:00
8955  1975-01-24 19:04:00 1975-01-24 19:40:00
8966  1975-01-27 02:36:00 1975-01-27 03:20:00
8968  1975-01-27 18:19:00 1975-01-27 19:00:00
8969  1975-01-28 04:16:00 1975-01-28 05:10:00
8970  1975-01-28 05:11:00 1975-01-28 06:00:00
8971  1975-01-28 17:02:00 1975-01-28 17:55:00
8972  1975-01-28 20:33:00 1975-01-28 22:00:00
8976  1975-01-30 19:47:00 1975-01-30 20:45:00
8979  1975-01-31 00:18:00 1975-01-31 01:00:00
8986  1975-02-05 06:57:00 1975-02-05 08:30:00
8988  1975-02-05 19:10:00 1975-02-05 20:00:00
8997  1975-02-08 13:20:00 1975-02-08 14:40:00
9000  1975-02-08 20:07:00 1975-02-08 20:45:00
9007  1975-02-12 04:51:00 1975-02-12 06:05:00
9027  1975-02-17 17:30:00 1975-02-17 18:10:00
9035  1975-02-19 23:11:00 1975-02-19 23:39:00
9038  1975-02-20 12:21:00 1975-02-20 12:33:00
9041  1975-02-22 06:33:00 1975-02-22 06:44:00
9051  1975-02-24 12:10:00 1975-02-24 12:45:00
9052  1975-02-24 14:55:00 1975-02-24 15:15:00
9053  1975-02-25 08:12:00 1975-02-25 08:40:00
9066  1975-02-28 05:46:00 1975-02-28 06:15:00
9068  1975-03-01 04:18:00 1975-03-01 05:20:00
9071  1975-03-04 10:31:00 1975-03-04 11:00:00
9074  1975-03-05 21:52:00 1975-03-05 23:20:00
9079  1975-03-10 14:55:00 1975-03-10 15:30:00
9081  1975-03-12 03:19:00 1975-03-12 04:05:00
9082  1975-03-12 07:00:00 1975-03-12 09:00:00
9100  1975-03-18 01:31:00 1975-03-18 02:58:00
9106  1975-03-20 01:09:00 1975-03-20 02:20:00
9107  1975-03-20 08:00:00 1975-03-20 09:10:00
9110  1975-03-22 19:44:00 1975-03-22 20:20:00
9113  1975-03-23 18:00:00 1975-03-23 18:30:00
9115  1975-03-24 11:36:00 1975-03-24 12:20:00
9116  1975-03-24 13:02:00 1975-03-24 13:45:00
9117  1975-03-25 00:25:00 1975-03-25 00:52:00
9120  1975-03-26 00:46:00 1975-03-26 02:10:00
9121  1975-03-26 02:58:00 1975-03-26 03:20:00
9122  1975-03-26 06:00:00 1975-03-26 06:20:00
9123  1975-03-26 12:07:00 1975-03-26 13:20:00
9124  1975-03-26 18:48:00 1975-03-26 19:40:00
9133  1975-03-29 07:47:00 1975-03-29 08:12:00
9134  1975-03-29 17:00:00 1975-03-29 17:45:00
9135  1975-03-31 04:34:00 1975-03-31 05:30:00
9136  1975-03-31 16:18:00 1975-03-31 16:40:00
9137  1975-03-31 20:42:00 1975-03-31 21:35:00
9138  1975-04-01 03:30:00 1975-04-01 04:00:00
9139  1975-04-01 05:21:00 1975-04-01 05:45:00
9140  1975-04-01 13:23:00 1975-04-01 13:55:00
9143  1975-04-02 08:28:00 1975-04-02 09:05:00
9144  1975-04-04 02:05:00 1975-04-04 02:45:00
9147  1975-04-06 06:47:00 1975-04-06 08:00:00
9149  1975-04-07 05:57:00 1975-04-07 06:25:00
9153  1975-04-09 04:16:00 1975-04-09 05:50:00
9157  1975-04-10 22:52:00 1975-04-10 23:30:00
9165  1975-04-12 02:00:00 1975-04-12 03:10:00
9166  1975-04-12 03:32:00 1975-04-12 03:50:00
9168  1975-04-12 09:36:00 1975-04-12 10:20:00
9169  1975-04-12 12:00:00 1975-04-12 12:10:00
9170  1975-04-12 15:04:00 1975-04-12 15:30:00
9171  1975-04-12 18:15:00 1975-04-12 21:30:00
9176  1975-04-14 10:36:00 1975-04-14 11:05:00
9178  1975-04-15 06:21:00 1975-04-15 07:15:00
9180  1975-04-15 14:36:00 1975-04-15 15:20:00
9184  1975-04-16 07:51:00 1975-04-16 08:30:00
9187  1975-04-17 23:12:00 1975-04-17 23:45:00
9191  1975-04-20 13:21:00 1975-04-20 14:00:00
9192  1975-04-21 02:03:00 1975-04-21 03:30:00
9209  1975-04-25 21:10:00 1975-04-25 21:50:00
9210  1975-04-26 00:53:00 1975-04-26 01:20:00
9216  1975-04-27 08:57:00 1975-04-27 09:30:00
9218  1975-04-28 18:34:00 1975-04-28 19:00:00
9219  1975-04-29 06:16:00 1975-04-29 07:50:00
9223  1975-05-04 10:05:00 1975-05-04 13:10:00
9225  1975-05-05 23:20:00 1975-05-06 00:00:00
9243  1975-05-09 11:48:00 1975-05-09 12:20:00
9251  1975-05-11 15:10:00 1975-05-11 16:30:00
9257  1975-05-15 19:55:00 1975-05-15 20:40:00
9258  1975-05-16 12:41:00 1975-05-16 13:25:00
9259  1975-05-16 22:18:00 1975-05-16 23:10:00
9262  1975-05-19 14:56:00 1975-05-19 16:56:00
9263  1975-05-19 15:20:00 1975-05-19 16:10:00
9274  1975-05-23 00:00:00 1975-05-23 01:30:00
9281  1975-05-25 03:03:00 1975-05-25 03:30:00
9282  1975-05-26 01:10:00 1975-05-26 01:50:00
9283  1975-05-26 07:06:00 1975-05-26 07:45:00
9284  1975-05-26 14:15:00 1975-05-26 14:35:00
9313  1975-06-10 22:20:00 1975-06-10 22:55:00
9316  1975-06-12 08:13:00 1975-06-12 08:55:00
9318  1975-06-13 13:24:00 1975-06-13 14:05:00
9320  1975-06-15 03:55:00 1975-06-15 05:10:00
9326  1975-06-16 15:03:00 1975-06-16 15:40:00
9329  1975-06-17 06:50:00 1975-06-17 07:20:00
9331  1975-06-17 12:25:00 1975-06-17 14:00:00
9332  1975-06-17 17:29:00 1975-06-17 18:40:00
9333  1975-06-17 17:42:00 1975-06-17 17:50:00
9335  1975-06-19 00:20:00 1975-06-19 01:10:00
9336  1975-06-19 14:56:00 1975-06-19 15:40:00
9339  1975-06-20 07:06:00 1975-06-20 07:40:00
9341  1975-06-20 13:53:00 1975-06-20 14:20:00
9342  1975-06-20 19:01:00 1975-06-20 19:45:00
9343  1975-06-21 00:26:00 1975-06-21 01:00:00
9344  1975-06-21 02:26:00 1975-06-21 02:50:00
9346  1975-06-21 09:27:00 1975-06-21 09:55:00
9347  1975-06-21 16:05:00 1975-06-21 16:55:00
9348  1975-06-22 00:31:00 1975-06-22 01:00:00
9349  1975-06-22 01:27:00 1975-06-22 03:27:00
9350  1975-06-22 01:51:00 1975-06-22 02:20:00
9351  1975-06-22 03:17:00 1975-06-22 03:40:00
9352  1975-06-22 05:08:00 1975-06-22 05:35:00
9353  1975-06-22 05:54:00 1975-06-22 06:20:00
9354  1975-06-22 06:33:00 1975-06-22 07:00:00
9355  1975-06-22 08:00:00 1975-06-22 08:40:00
9357  1975-06-22 13:48:00 1975-06-22 15:48:00
9358  1975-06-22 13:58:00 1975-06-22 14:40:00
9359  1975-06-22 14:54:00 1975-06-22 16:00:00
9360  1975-06-22 19:54:00 1975-06-22 20:40:00
9361  1975-06-23 01:32:00 1975-06-23 02:00:00
9362  1975-06-23 04:44:00 1975-06-23 05:10:00
9363  1975-06-23 05:20:00 1975-06-23 05:50:00
9364  1975-06-23 05:41:00 1975-06-23 06:20:00
9365  1975-06-23 08:08:00 1975-06-23 08:20:00
9366  1975-06-23 09:12:00 1975-06-23 10:20:00
9367  1975-06-23 09:33:00 1975-06-23 09:50:00
9368  1975-06-23 11:13:00 1975-06-23 13:13:00
9369  1975-06-23 11:23:00 1975-06-23 12:15:00
9370  1975-06-23 11:34:00 1975-06-23 11:55:00
9373  1975-06-24 07:57:00 1975-06-24 08:30:00
9374  1975-06-24 13:16:00 1975-06-24 13:50:00
9375  1975-06-24 16:03:00 1975-06-24 16:30:00
9376  1975-06-24 16:12:00 1975-06-24 16:30:00
9377  1975-06-24 18:14:00 1975-06-24 19:10:00
9378  1975-06-24 19:58:00 1975-06-24 20:30:00
9379  1975-06-24 21:12:00 1975-06-24 21:20:00
9380  1975-06-24 23:44:00 1975-06-25 00:00:00
9382  1975-06-25 03:43:00 1975-06-25 04:30:00
9383  1975-06-25 07:53:00 1975-06-25 08:10:00
9384  1975-06-25 09:14:00 1975-06-25 10:00:00
9385  1975-06-25 14:12:00 1975-06-25 16:12:00
9387  1975-06-25 19:54:00 1975-06-25 20:10:00
9388  1975-06-25 22:35:00 1975-06-25 23:30:00
9389  1975-06-26 03:24:00 1975-06-26 05:20:00
9390  1975-06-26 09:00:00 1975-06-26 09:55:00
9391  1975-06-26 13:27:00 1975-06-26 14:20:00
9392  1975-06-26 16:29:00 1975-06-26 16:35:00
9393  1975-06-26 19:09:00 1975-06-26 19:40:00
9394  1975-06-26 22:13:00 1975-06-26 22:45:00
9395  1975-06-26 23:25:00 1975-06-27 00:00:00
9396  1975-06-27 09:20:00 1975-06-27 09:55:00
9397  1975-06-27 14:02:00 1975-06-27 14:50:00
9398  1975-06-27 22:24:00 1975-06-27 23:00:00
9399  1975-06-28 09:22:00 1975-06-28 10:00:00
9400  1975-06-29 05:56:00 1975-06-29 06:30:00
9401  1975-06-29 11:37:00 1975-06-29 12:15:00
9404  1975-07-01 11:19:00 1975-07-01 12:01:00
9406  1975-07-02 20:14:00 1975-07-02 21:10:00
9416  1975-07-04 16:09:00 1975-07-04 16:20:00
9426  1975-07-06 09:57:00 1975-07-06 10:38:00
9430  1975-07-07 09:14:00 1975-07-07 09:55:00
9434  1975-07-09 12:50:00 1975-07-09 13:30:00
9435  1975-07-10 02:50:00 1975-07-10 03:20:00
9436  1975-07-10 21:12:00 1975-07-10 21:45:00
9442  1975-07-12 18:46:00 1975-07-12 19:20:00
9444  1975-07-13 01:21:00 1975-07-13 01:45:00
9454  1975-07-16 02:14:00 1975-07-16 02:24:00
9457  1975-07-21 08:35:00 1975-07-21 09:45:00
9458  1975-07-21 09:49:00 1975-07-21 10:15:00
9460  1975-07-21 21:34:00 1975-07-21 22:10:00
9461  1975-07-22 05:12:00 1975-07-22 06:00:00
9462  1975-07-23 12:26:00 1975-07-23 12:55:00
9463  1975-07-23 18:18:00 1975-07-23 19:15:00
9464  1975-07-25 10:50:00 1975-07-25 11:20:00
9465  1975-07-28 21:10:00 1975-07-28 21:50:00
9466  1975-07-29 03:41:00 1975-07-29 04:25:00
9477  1975-07-31 14:53:00 1975-07-31 15:40:00
9491  1975-08-04 00:32:00 1975-08-04 01:10:00
9494  1975-08-04 20:42:00 1975-08-04 21:00:00
9499  1975-08-07 00:48:00 1975-08-07 01:20:00
9505  1975-08-09 09:48:00 1975-08-09 10:15:00
9512  1975-08-10 06:32:00 1975-08-10 07:20:00
9520  1975-08-12 18:42:00 1975-08-12 19:15:00
9523  1975-08-13 00:55:00 1975-08-13 01:30:00
9524  1975-08-13 03:15:00 1975-08-13 03:45:00
9525  1975-08-13 08:46:00 1975-08-13 09:05:00
9526  1975-08-13 11:43:00 1975-08-13 12:05:00
9527  1975-08-13 13:38:00 1975-08-13 14:10:00
9532  1975-08-14 01:37:00 1975-08-14 01:50:00
9533  1975-08-14 03:13:00 1975-08-14 03:20:00
9535  1975-08-14 08:16:00 1975-08-14 09:00:00
9537  1975-08-14 14:09:00 1975-08-14 14:35:00
9538  1975-08-14 15:19:00 1975-08-14 15:40:00
9541  1975-08-16 03:03:00 1975-08-16 03:20:00
9542  1975-08-16 17:47:00 1975-08-16 18:10:00
9543  1975-08-19 10:30:00 1975-08-19 11:00:00
9544  1975-08-19 21:58:00 1975-08-19 22:36:00
9545  1975-08-19 23:30:00 1975-08-19 23:59:00
9547  1975-08-20 17:58:00 1975-08-20 18:24:00
9560  1975-08-27 23:28:00 1975-08-27 23:54:00
9573  1975-08-31 09:36:00 1975-08-31 11:00:00
9585  1975-09-03 02:21:00 1975-09-03 02:53:00
9588  1975-09-03 13:19:00 1975-09-03 14:31:00
9605  1975-09-08 02:48:00 1975-09-08 03:30:00
9616  1975-09-11 01:45:00 1975-09-11 02:05:00
9617  1975-09-11 03:42:00 1975-09-11 04:10:00
9618  1975-09-11 17:00:00 1975-09-11 17:20:00
9622  1975-09-13 14:04:00 1975-09-13 15:00:00
9628  1975-09-16 19:00:00 1975-09-16 19:30:00
9630  1975-09-17 21:25:00 1975-09-17 22:08:00
9631  1975-09-19 13:45:00 1975-09-19 14:45:00
9638  1975-09-22 02:43:00 1975-09-22 03:30:00
9644  1975-09-23 08:26:00 1975-09-23 09:00:00
9648  1975-09-25 07:10:00 1975-09-25 07:50:00
9659  1975-09-28 19:39:00 1975-09-28 20:00:00
9662  1975-09-29 08:42:00 1975-09-29 08:58:00
9663  1975-09-29 15:15:00 1975-09-29 15:40:00
9669  1975-10-01 04:09:00 1975-10-01 04:50:00
9690  1975-10-04 08:43:00 1975-10-04 09:10:00
9692  1975-10-04 12:53:00 1975-10-04 13:55:00
9704  1975-10-06 12:58:00 1975-10-06 14:58:00
9711  1975-10-11 12:23:00 1975-10-11 13:35:00
9724  1975-10-19 04:01:00 1975-10-19 04:20:00
9739  1975-10-21 16:50:00 1975-10-21 17:20:00
9745  1975-10-24 05:49:00 1975-10-24 06:05:00
9747  1975-10-26 12:48:00 1975-10-26 13:05:00
9778  1975-11-01 08:28:00 1975-11-01 08:50:00
9788  1975-11-02 21:52:00 1975-11-02 23:00:00
9795  1975-11-04 04:01:00 1975-11-04 05:10:00
9803  1975-11-10 04:10:00 1975-11-10 04:30:00
9807  1975-11-11 18:48:00 1975-11-11 19:40:00
9808  1975-11-13 04:23:00 1975-11-13 05:00:00
9809  1975-11-13 17:10:00 1975-11-13 17:50:00
9810  1975-11-13 19:32:00 1975-11-13 20:15:00
9815  1975-11-14 11:41:00 1975-11-14 12:10:00
9817  1975-11-15 09:52:00 1975-11-15 10:00:00
9820  1975-11-15 12:34:00 1975-11-15 13:15:00
9832  1975-11-18 00:48:00 1975-11-18 01:50:00
9833  1975-11-18 08:23:00 1975-11-18 09:40:00
9835  1975-11-20 22:48:00 1975-11-20 23:40:00
9849  1975-11-27 03:47:00 1975-11-27 04:15:00
9851  1975-11-27 11:14:00 1975-11-27 12:00:00
9859  1975-11-28 02:30:00 1975-11-28 03:40:00
9874  1975-11-30 10:33:00 1975-11-30 10:55:00
9882  1975-12-03 01:51:00 1975-12-03 02:50:00
9885  1975-12-04 02:30:00 1975-12-04 03:00:00
9887  1975-12-04 03:58:00 1975-12-04 04:27:00
9888  1975-12-04 05:28:00 1975-12-04 05:52:00
9889  1975-12-04 18:44:00 1975-12-04 19:10:00
9890  1975-12-04 23:19:00 1975-12-04 23:35:00
9894  1975-12-06 03:01:00 1975-12-06 03:30:00
9895  1975-12-06 08:02:00 1975-12-06 08:55:00
9897  1975-12-06 15:57:00 1975-12-06 16:25:00
9898  1975-12-06 16:11:00 1975-12-06 16:40:00
9900  1975-12-08 16:46:00 1975-12-08 17:20:00
9901  1975-12-08 19:08:00 1975-12-08 20:05:00
9902  1975-12-08 23:18:00 1975-12-09 00:10:00
9903  1975-12-09 12:13:00 1975-12-09 13:10:00
9904  1975-12-09 23:37:00 1975-12-10 00:05:00
9905  1975-12-10 01:13:00 1975-12-10 01:35:00
9906  1975-12-10 07:18:00 1975-12-10 07:27:00
9907  1975-12-10 07:32:00 1975-12-10 08:40:00
9915  1975-12-11 14:20:00 1975-12-11 14:50:00
9920  1975-12-14 03:38:00 1975-12-14 04:00:00
9923  1975-12-14 22:13:00 1975-12-14 22:45:00
9934  1975-12-17 08:57:00 1975-12-17 09:45:00
9952  1975-12-23 15:58:00 1975-12-23 16:35:00
9955  1975-12-24 11:26:00 1975-12-24 12:25:00
9962  1975-12-27 06:31:00 1975-12-27 07:10:00
9966  1975-12-28 15:21:00 1975-12-28 15:50:00
9968  1975-12-31 01:49:00 1975-12-31 03:49:00
9969  1975-12-31 02:24:00 1975-12-31 03:10:00
9973  1976-01-01 06:18:00 1976-01-01 06:40:00
9975  1976-01-03 06:10:00 1976-01-03 06:23:00
9982  1976-01-05 07:08:00 1976-01-05 08:00:00
9987  1976-01-07 14:30:00 1976-01-07 15:00:00
10010 1976-01-12 22:55:00 1976-01-12 23:30:00
10012 1976-01-13 07:14:00 1976-01-13 09:10:00
10017 1976-01-17 18:30:00 1976-01-17 18:40:00
10018 1976-01-19 08:07:00 1976-01-19 08:19:00
10025 1976-01-21 11:32:00 1976-01-21 12:30:00
10032 1976-01-25 16:10:00 1976-01-25 18:20:00
10036 1976-01-27 07:02:00 1976-01-27 07:50:00
10038 1976-01-27 12:57:00 1976-01-27 14:05:00
10044 1976-01-31 16:52:00 1976-01-31 17:25:00
10061 1976-02-05 14:26:00 1976-02-05 14:50:00
10062 1976-02-05 19:12:00 1976-02-05 19:35:00
10075 1976-02-08 04:50:00 1976-02-08 05:20:00
10085 1976-02-13 11:49:00 1976-02-13 12:25:00
10086 1976-02-13 19:38:00 1976-02-13 20:00:00
10088 1976-02-15 11:41:00 1976-02-15 12:05:00
10090 1976-02-16 06:02:00 1976-02-16 06:20:00
10125 1976-02-25 00:23:00 1976-02-25 01:15:00
10128 1976-02-27 20:14:00 1976-02-27 21:10:00
10137 1976-03-01 15:16:00 1976-03-01 15:40:00
10151 1976-03-03 15:50:00 1976-03-03 16:30:00
10152 1976-03-03 20:11:00 1976-03-03 21:00:00
10193 1976-03-10 12:01:00 1976-03-10 12:50:00
10210 1976-03-13 00:49:00 1976-03-13 01:10:00
10220 1976-03-14 01:52:00 1976-03-14 02:35:00
10228 1976-03-15 03:04:00 1976-03-15 03:45:00
10230 1976-03-15 10:21:00 1976-03-15 10:50:00
10254 1976-03-18 11:12:00 1976-03-18 11:40:00
10257 1976-03-20 07:18:00 1976-03-20 07:50:00
10260 1976-03-24 07:05:00 1976-03-24 07:55:00
10270 1976-03-30 02:40:00 1976-03-30 03:00:00
10292 1976-04-04 10:31:00 1976-04-04 11:10:00
10298 1976-04-05 20:30:00 1976-04-05 21:00:00
10299 1976-04-06 01:42:00 1976-04-06 01:54:00
10300 1976-04-06 02:24:00 1976-04-06 02:30:00
10306 1976-04-10 01:16:00 1976-04-10 03:16:00
10359 1976-04-14 23:26:00 1976-04-15 00:40:00
10367 1976-04-16 05:24:00 1976-04-16 06:00:00
10369 1976-04-18 08:46:00 1976-04-18 10:20:00
10376 1976-04-22 08:36:00 1976-04-22 09:06:00
10377 1976-04-23 14:07:00 1976-04-23 15:20:00
10388 1976-04-25 11:57:00 1976-04-25 12:30:00
10415 1976-04-30 11:53:00 1976-04-30 13:40:00
10417 1976-04-30 18:11:00 1976-04-30 18:55:00
10426 1976-05-04 05:49:00 1976-05-04 06:02:00
10433 1976-05-06 03:45:00 1976-05-06 05:45:00
10434 1976-05-06 03:51:00 1976-05-06 04:05:00
10436 1976-05-06 11:34:00 1976-05-06 11:50:00
10437 1976-05-06 20:07:00 1976-05-06 20:50:00
10438 1976-05-06 22:23:00 1976-05-06 22:36:00
10465 1976-05-10 03:04:00 1976-05-10 03:15:00
10470 1976-05-11 02:43:00 1976-05-11 03:00:00
10486 1976-05-13 14:50:00 1976-05-13 15:20:00
10487 1976-05-13 16:22:00 1976-05-13 18:22:00
10488 1976-05-13 16:37:00 1976-05-13 17:00:00
10494 1976-05-15 12:42:00 1976-05-15 13:25:00
10495 1976-05-15 21:48:00 1976-05-15 22:10:00
10496 1976-05-15 22:33:00 1976-05-15 23:00:00
10500 1976-05-16 12:48:00 1976-05-16 14:50:00
10527 1976-05-25 07:57:00 1976-05-25 08:35:00
10549 1976-05-27 21:40:00 1976-05-27 23:00:00
10550 1976-05-28 05:21:00 1976-05-28 07:21:00
10551 1976-05-28 06:03:00 1976-05-28 08:10:00
10563 1976-05-30 04:49:00 1976-05-30 05:50:00
10564 1976-05-30 12:08:00 1976-05-30 13:05:00
10576 1976-06-01 23:20:00 1976-06-01 23:45:00
10577 1976-06-02 21:45:00 1976-06-02 22:15:00
10582 1976-06-04 13:25:00 1976-06-04 14:20:00
10597 1976-06-05 20:33:00 1976-06-05 20:46:00
10604 1976-06-06 15:27:00 1976-06-06 15:44:00
10613 1976-06-08 07:50:00 1976-06-08 08:45:00
10624 1976-06-09 10:16:00 1976-06-09 10:30:00
10625 1976-06-09 11:09:00 1976-06-09 11:20:00
10628 1976-06-10 13:44:00 1976-06-10 15:44:00
10635 1976-06-11 18:44:00 1976-06-11 19:50:00
10636 1976-06-12 02:42:00 1976-06-12 03:10:00
10646 1976-06-14 10:09:00 1976-06-14 10:40:00
10648 1976-06-15 12:21:00 1976-06-15 12:45:00
10649 1976-06-15 21:09:00 1976-06-15 21:50:00
10700 1976-06-25 18:11:00 1976-06-25 19:15:00
10703 1976-06-26 00:35:00 1976-06-26 01:06:00
10709 1976-06-29 15:15:00 1976-06-29 16:20:00
10711 1976-06-30 05:56:00 1976-06-30 06:50:00
10712 1976-06-30 08:23:00 1976-06-30 09:00:00
10713 1976-06-30 11:52:00 1976-06-30 12:05:00
10714 1976-06-30 16:15:00 1976-06-30 16:55:00
10725 1976-07-02 04:54:00 1976-07-02 05:40:00
10739 1976-07-03 02:26:00 1976-07-03 02:40:00
10743 1976-07-03 11:19:00 1976-07-03 12:45:00
10748 1976-07-04 05:10:00 1976-07-04 06:10:00
10755 1976-07-05 03:35:00 1976-07-05 04:15:00
10773 1976-07-10 14:52:00 1976-07-10 15:30:00
10774 1976-07-10 19:37:00 1976-07-10 20:50:00
10778 1976-07-14 10:17:00 1976-07-14 11:10:00
10784 1976-07-15 20:53:00 1976-07-15 23:10:00
10824 1976-07-24 22:22:00 1976-07-24 23:20:00
10829 1976-07-25 17:10:00 1976-07-25 18:20:00
10832 1976-07-26 04:15:00 1976-07-26 04:45:00
10834 1976-07-26 16:57:00 1976-07-26 17:30:00
10835 1976-07-27 00:04:00 1976-07-27 00:25:00
10836 1976-07-27 02:06:00 1976-07-27 02:40:00
10838 1976-07-27 23:50:00 1976-07-27 23:59:00
10847 1976-07-28 17:18:00 1976-07-28 17:50:00
10853 1976-07-29 11:34:00 1976-07-29 11:50:00
10859 1976-07-29 16:23:00 1976-07-29 16:40:00
10870 1976-07-30 02:34:00 1976-07-30 02:55:00
10887 1976-07-31 05:16:00 1976-07-31 05:35:00
10891 1976-08-01 06:54:00 1976-08-01 07:00:00
10897 1976-08-01 20:51:00 1976-08-01 21:10:00
10898 1976-08-01 22:31:00 1976-08-01 23:50:00
10901 1976-08-03 03:45:00 1976-08-03 04:06:00
10905 1976-08-04 19:05:00 1976-08-04 19:25:00
10909 1976-08-05 18:56:00 1976-08-05 19:12:00
10912 1976-08-06 03:02:00 1976-08-06 03:30:00
10917 1976-08-07 16:49:00 1976-08-07 17:40:00
10919 1976-08-07 22:48:00 1976-08-07 23:15:00
10921 1976-08-08 02:09:00 1976-08-08 02:20:00
10923 1976-08-08 14:58:00 1976-08-08 16:00:00
10924 1976-08-08 16:48:00 1976-08-08 17:37:00
10925 1976-08-09 06:10:00 1976-08-09 07:00:00
10926 1976-08-09 20:36:00 1976-08-09 21:12:00
10927 1976-08-09 21:38:00 1976-08-09 22:30:00
10931 1976-08-11 03:20:00 1976-08-11 04:10:00
10942 1976-08-13 18:32:00 1976-08-13 19:01:00
10947 1976-08-14 21:28:00 1976-08-14 22:26:00
10956 1976-08-17 05:15:00 1976-08-17 06:30:00
10970 1976-08-22 10:35:00 1976-08-22 12:10:00
10973 1976-08-23 14:12:00 1976-08-23 15:20:00
10981 1976-08-24 23:33:00 1976-08-25 00:20:00
11007 1976-08-27 13:35:00 1976-08-27 14:10:00
11022 1976-08-29 14:06:00 1976-08-29 14:35:00
11030 1976-08-31 21:06:00 1976-08-31 21:35:00
11032 1976-08-31 23:33:00 1976-08-31 23:52:00
11034 1976-09-01 11:24:00 1976-09-01 12:35:00
11037 1976-09-02 22:37:00 1976-09-02 23:30:00
11038 1976-09-03 14:25:00 1976-09-03 15:10:00
11040 1976-09-03 22:58:00 1976-09-03 23:30:00
11041 1976-09-04 17:35:00 1976-09-04 18:00:00
11079 1976-09-16 08:27:00 1976-09-16 09:15:00
11083 1976-09-17 20:38:00 1976-09-17 21:25:00
11085 1976-09-18 23:00:00 1976-09-18 23:40:00
11110 1976-09-21 16:03:00 1976-09-21 16:20:00
11166 1976-09-28 00:48:00 1976-09-28 01:25:00
11170 1976-09-30 10:59:00 1976-09-30 11:50:00
11171 1976-10-01 22:35:00 1976-10-01 22:50:00
11190 1976-10-06 19:31:00 1976-10-06 20:00:00
11203 1976-10-11 04:34:00 1976-10-11 05:14:00
11204 1976-10-13 08:32:00 1976-10-13 08:55:00
11210 1976-10-17 13:22:00 1976-10-17 14:10:00
11226 1976-10-19 02:34:00 1976-10-19 03:13:00
11233 1976-10-19 13:38:00 1976-10-19 14:07:00
11255 1976-10-21 17:25:00 1976-10-21 17:55:00
11259 1976-10-22 00:08:00 1976-10-22 00:33:00
11289 1976-10-31 15:37:00 1976-10-31 16:00:00
11298 1976-11-02 20:40:00 1976-11-02 21:40:00
11304 1976-11-03 06:27:00 1976-11-03 07:20:00
11319 1976-11-04 22:09:00 1976-11-04 23:31:00
11338 1976-11-13 21:18:00 1976-11-13 21:50:00
11346 1976-11-14 23:16:00 1976-11-15 02:00:00
11351 1976-11-15 05:50:00 1976-11-15 06:25:00
11365 1976-11-16 03:45:00 1976-11-16 05:45:00
11404 1976-11-21 22:40:00 1976-11-21 23:50:00
11407 1976-11-23 00:23:00 1976-11-23 01:05:00
11411 1976-11-24 07:40:00 1976-11-24 08:25:00
11412 1976-11-24 10:47:00 1976-11-24 11:40:00
11413 1976-11-24 17:25:00 1976-11-24 18:05:00
11414 1976-11-25 03:26:00 1976-11-25 03:45:00
11415 1976-11-25 10:42:00 1976-11-25 11:20:00
11418 1976-11-26 03:51:00 1976-11-26 04:45:00
11419 1976-11-26 05:58:00 1976-11-26 06:40:00
11422 1976-11-27 10:12:00 1976-11-27 11:05:00
11425 1976-11-27 17:51:00 1976-11-27 18:15:00
11430 1976-11-28 14:22:00 1976-11-28 16:22:00
11443 1976-11-29 14:34:00 1976-11-29 14:56:00
11449 1976-12-01 23:58:00 1976-12-02 00:25:00
11475 1976-12-05 02:46:00 1976-12-05 03:15:00
11476 1976-12-05 03:48:00 1976-12-05 04:10:00
11488 1976-12-08 20:41:00 1976-12-08 21:20:00
11510 1976-12-14 10:01:00 1976-12-14 10:40:00
11521 1976-12-15 14:32:00 1976-12-15 15:20:00
11526 1976-12-16 19:54:00 1976-12-16 20:25:00
11548 1976-12-25 19:30:00 1976-12-25 20:10:00
11565 1976-12-27 23:58:00 1976-12-28 00:53:00
11569 1976-12-28 12:35:00 1976-12-28 13:35:00
11571 1976-12-28 16:58:00 1976-12-28 17:35:00
11572 1976-12-29 07:07:00 1976-12-29 08:15:00
11601 1977-01-02 18:20:00 1977-01-02 19:15:00
11604 1977-01-03 10:04:00 1977-01-03 10:50:00
11615 1977-01-07 03:50:00 1977-01-07 04:50:00
11620 1977-01-08 13:38:00 1977-01-08 13:55:00
11636 1977-01-10 16:27:00 1977-01-10 17:35:00
11651 1977-01-13 02:57:00 1977-01-13 03:25:00
11652 1977-01-13 12:25:00 1977-01-13 13:40:00
11653 1977-01-13 14:27:00 1977-01-13 15:15:00
11660 1977-01-15 04:22:00 1977-01-15 05:18:00
11663 1977-01-16 03:07:00 1977-01-16 04:05:00
11664 1977-01-16 05:41:00 1977-01-16 06:22:00
11665 1977-01-16 16:43:00 1977-01-16 17:20:00
11666 1977-01-17 06:45:00 1977-01-17 07:40:00
11667 1977-01-18 00:18:00 1977-01-18 00:46:00
11668 1977-01-18 18:16:00 1977-01-18 19:05:00
11669 1977-01-19 04:28:00 1977-01-19 05:17:00
11670 1977-01-20 04:48:00 1977-01-20 05:35:00
11677 1977-01-22 09:35:00 1977-01-22 10:00:00
11678 1977-01-22 11:55:00 1977-01-22 12:40:00
11693 1977-01-24 19:55:00 1977-01-24 20:40:00
11707 1977-01-27 00:45:00 1977-01-27 01:55:00
11713 1977-01-28 16:17:00 1977-01-28 16:50:00
11714 1977-01-28 22:17:00 1977-01-28 22:45:00
11728 1977-02-02 11:57:00 1977-02-02 13:00:00
11733 1977-02-03 05:45:00 1977-02-03 06:10:00
11734 1977-02-03 06:42:00 1977-02-03 07:30:00
11735 1977-02-03 10:22:00 1977-02-03 11:00:00
11744 1977-02-05 17:45:00 1977-02-05 18:30:00
11745 1977-02-05 20:41:00 1977-02-05 21:25:00
11769 1977-02-13 10:20:00 1977-02-13 11:40:00
11770 1977-02-14 20:23:00 1977-02-14 21:00:00
11776 1977-02-18 10:48:00 1977-02-18 11:10:00
11793 1977-02-19 23:48:00 1977-02-20 00:10:00
11809 1977-02-22 05:08:00 1977-02-22 05:45:00
11811 1977-02-23 00:13:00 1977-02-23 00:15:00
11813 1977-02-25 02:49:00 1977-02-25 03:35:00
11816 1977-02-26 05:33:00 1977-02-26 05:55:00
11818 1977-02-27 01:41:00 1977-02-27 02:20:00
11820 1977-02-28 11:01:00 1977-02-28 11:40:00
11821 1977-02-28 17:53:00 1977-02-28 18:20:00
11880 1977-03-08 01:13:00 1977-03-08 01:40:00
11882 1977-03-08 06:38:00 1977-03-08 07:45:00
11887 1977-03-15 12:22:00 1977-03-15 13:15:00
11892 1977-03-18 14:39:00 1977-03-18 15:40:00
11899 1977-03-19 15:05:00 1977-03-19 15:25:00
11915 1977-03-21 00:07:00 1977-03-21 01:00:00
11916 1977-03-22 02:47:00 1977-03-22 03:20:00
11919 1977-03-22 08:15:00 1977-03-22 08:50:00
11920 1977-03-22 11:10:00 1977-03-22 11:50:00
11921 1977-03-23 19:29:00 1977-03-23 20:55:00
11922 1977-03-24 04:44:00 1977-03-24 05:00:00
11924 1977-03-25 04:23:00 1977-03-25 06:23:00
11926 1977-03-25 12:56:00 1977-03-25 13:10:00
11932 1977-03-28 07:26:00 1977-03-28 07:55:00
11933 1977-03-28 15:38:00 1977-03-28 15:47:00
11952 1977-03-30 22:30:00 1977-03-30 23:15:00
11958 1977-03-31 07:57:00 1977-03-31 08:40:00
11964 1977-03-31 16:42:00 1977-03-31 17:40:00
11975 1977-04-01 04:20:00 1977-04-01 05:25:00
12010 1977-04-03 06:02:00 1977-04-03 08:02:00
12028 1977-04-05 14:54:00 1977-04-05 15:40:00
12031 1977-04-05 21:28:00 1977-04-05 22:15:00
12034 1977-04-06 12:48:00 1977-04-06 13:50:00
12039 1977-04-07 22:41:00 1977-04-07 23:00:00
12047 1977-04-10 22:58:00 1977-04-11 00:10:00
12048 1977-04-11 13:23:00 1977-04-11 14:40:00
12080 1977-04-16 13:16:00 1977-04-16 13:35:00
12086 1977-04-17 07:06:00 1977-04-17 07:50:00
12091 1977-04-17 13:39:00 1977-04-17 15:40:00
12095 1977-04-17 23:35:00 1977-04-18 02:40:00
12112 1977-04-21 15:31:00 1977-04-21 16:10:00
12115 1977-04-23 05:07:00 1977-04-23 05:27:00
12117 1977-04-23 12:02:00 1977-04-23 12:27:00
12122 1977-04-24 16:12:00 1977-04-24 17:25:00
12124 1977-04-25 07:07:00 1977-04-25 07:40:00
12159 1977-04-27 18:23:00 1977-04-27 19:00:00
12161 1977-04-27 20:37:00 1977-04-27 22:37:00
12181 1977-04-29 00:34:00 1977-04-29 01:25:00
12185 1977-04-29 04:22:00 1977-04-29 05:00:00
12187 1977-04-29 07:33:00 1977-04-29 08:30:00
12190 1977-04-29 20:37:00 1977-04-29 21:05:00
12206 1977-04-30 14:49:00 1977-04-30 15:25:00
12227 1977-05-01 21:31:00 1977-05-01 22:25:00
12253 1977-05-04 05:17:00 1977-05-04 05:50:00
12255 1977-05-04 08:14:00 1977-05-04 08:49:00
12258 1977-05-04 09:22:00 1977-05-04 11:22:00
12262 1977-05-04 11:12:00 1977-05-04 11:45:00
12265 1977-05-04 15:06:00 1977-05-04 15:30:00
12268 1977-05-04 18:10:00 1977-05-04 18:45:00
12270 1977-05-04 23:07:00 1977-05-05 00:05:00
12275 1977-05-06 19:56:00 1977-05-06 20:40:00
12294 1977-05-11 20:14:00 1977-05-11 21:40:00
12297 1977-05-12 08:00:00 1977-05-12 09:00:00
12329 1977-05-15 17:21:00 1977-05-15 18:30:00
12342 1977-05-16 16:13:00 1977-05-16 16:40:00
12358 1977-05-18 15:18:00 1977-05-18 15:30:00
12370 1977-05-19 21:45:00 1977-05-19 23:10:00
12371 1977-05-20 13:12:00 1977-05-20 13:50:00
12375 1977-05-21 19:51:00 1977-05-21 20:15:00
12381 1977-05-23 10:50:00 1977-05-23 11:15:00
12383 1977-05-23 13:59:00 1977-05-23 14:25:00
12394 1977-05-24 19:42:00 1977-05-24 20:05:00
12426 1977-05-28 09:48:00 1977-05-28 10:30:00
12431 1977-05-28 21:04:00 1977-05-28 22:10:00
12452 1977-06-02 10:10:00 1977-06-02 10:45:00
12454 1977-06-02 14:26:00 1977-06-02 15:20:00
12455 1977-06-02 16:20:00 1977-06-02 16:50:00
12457 1977-06-04 20:28:00 1977-06-04 21:00:00
12478 1977-06-10 03:36:00 1977-06-10 04:25:00
12491 1977-06-11 22:36:00 1977-06-12 00:36:00
12517 1977-06-14 05:35:00 1977-06-14 07:35:00
12538 1977-06-17 02:39:00 1977-06-17 02:59:00
12539 1977-06-17 06:44:00 1977-06-17 07:35:00
12544 1977-06-19 12:46:00 1977-06-19 13:05:00
12574 1977-06-22 17:05:00 1977-06-22 17:45:00
12584 1977-06-24 03:10:00 1977-06-24 04:05:00
12587 1977-06-25 00:55:00 1977-06-25 01:50:00
12606 1977-06-28 06:37:00 1977-06-28 06:50:00
12608 1977-06-28 15:37:00 1977-06-28 16:00:00
12609 1977-06-28 21:13:00 1977-06-28 21:20:00
12610 1977-06-28 21:38:00 1977-06-28 22:00:00
12611 1977-06-28 22:25:00 1977-06-29 01:00:00
12617 1977-06-30 02:17:00 1977-06-30 02:50:00
12618 1977-06-30 03:08:00 1977-06-30 04:10:00
12619 1977-07-02 13:31:00 1977-07-02 13:50:00
12631 1977-07-05 05:13:00 1977-07-05 05:45:00
12649 1977-07-08 22:29:00 1977-07-08 23:05:00
12654 1977-07-10 01:36:00 1977-07-10 02:03:00
12669 1977-07-13 09:02:00 1977-07-13 09:41:00
12678 1977-07-14 11:48:00 1977-07-14 12:44:00
12679 1977-07-14 13:15:00 1977-07-14 13:35:00
12681 1977-07-15 00:13:00 1977-07-15 00:58:00
12699 1977-07-17 13:04:00 1977-07-17 13:50:00
12760 1977-07-22 16:08:00 1977-07-22 16:55:00
12762 1977-07-22 21:32:00 1977-07-22 21:40:00
12773 1977-07-24 08:49:00 1977-07-24 09:00:00
12779 1977-07-25 11:38:00 1977-07-25 11:50:00
12782 1977-07-25 21:10:00 1977-07-25 21:35:00
12783 1977-07-26 09:02:00 1977-07-26 09:20:00
12784 1977-07-27 04:10:00 1977-07-27 05:10:00
12787 1977-07-29 16:33:00 1977-07-29 17:20:00
12796 1977-07-31 20:53:00 1977-07-31 22:25:00
12797 1977-08-01 04:44:00 1977-08-01 06:40:00
12802 1977-08-01 23:40:00 1977-08-02 00:30:00
12810 1977-08-06 16:42:00 1977-08-06 17:30:00
12818 1977-08-09 18:15:00 1977-08-09 19:10:00
12824 1977-08-11 07:28:00 1977-08-11 08:30:00
12842 1977-08-14 03:44:00 1977-08-14 04:25:00
12851 1977-08-14 22:12:00 1977-08-15 00:11:00
12860 1977-08-16 06:51:00 1977-08-16 07:50:00
12877 1977-08-17 23:08:00 1977-08-18 01:07:00
12895 1977-08-21 01:47:00 1977-08-21 02:20:00
12896 1977-08-21 03:24:00 1977-08-21 04:40:00
12900 1977-08-24 16:23:00 1977-08-24 17:00:00
12901 1977-08-25 10:32:00 1977-08-25 11:25:00
12908 1977-08-27 12:50:00 1977-08-27 14:20:00
12921 1977-08-29 07:25:00 1977-08-29 09:25:00
12933 1977-09-03 02:21:00 1977-09-03 02:35:00
12937 1977-09-04 12:20:00 1977-09-04 12:38:00
13006 1977-09-13 20:34:00 1977-09-13 22:00:00
13007 1977-09-13 21:36:00 1977-09-13 22:05:00
13014 1977-09-14 20:48:00 1977-09-14 20:57:00
13020 1977-09-16 20:49:00 1977-09-16 21:20:00
13029 1977-09-20 04:05:00 1977-09-20 04:56:00
13035 1977-09-24 12:38:00 1977-09-24 14:38:00
13046 1977-09-27 18:17:00 1977-09-27 18:59:00
13048 1977-09-28 00:51:00 1977-09-28 01:42:00
13050 1977-09-28 07:07:00 1977-09-28 07:55:00
13053 1977-09-28 09:47:00 1977-09-28 10:17:00
13054 1977-09-29 04:45:00 1977-09-29 05:25:00
13055 1977-09-29 07:17:00 1977-09-29 08:35:00
[2025-07-25 21:16:38,597][INFO]: ===== 事件类型 C 数据处理完成 =====
[2025-07-25 21:16:38,602][INFO]: 已找到精确事件: 
         start_time            end_time
1976-11-14 23:16:00 1976-11-15 02:00:00
[2025-07-25 21:16:38,604][INFO]: ===== 开始处理跨年噪声数据筛选 =====
[2025-07-25 21:16:38,604][INFO]: 开始导入 Apollo 目录文件到 DataFrame，数据类型: noise
[2025-07-25 21:16:38,604][INFO]: 尝试打开 APOLLO 目录文件：/home/tu/documents/event/levent.1008c
[2025-07-25 21:16:38,648][INFO]: APOLLO 目录文件读取完成，开始转换为 DataFrame ...
[2025-07-25 21:16:38,673][INFO]: 成功将 Apollo 目录导入 DataFrame，共有 13058 行数据。
[2025-07-25 21:16:38,673][INFO]: 开始处理 Apollo 目录时间信息以生成 datetime DataFrame ...
[2025-07-25 21:16:43,458][INFO]: Apollo 目录时间数据转换完成。
[2025-07-25 21:16:43,463][INFO]: 目标时间范围: 1976年第306天 12:00 - 1976年第319天 23:13
[2025-07-25 21:16:48,203][INFO]: 筛选区间: 1976-11-01 12:00:00 ~ 1976-11-14 23:13:00
[2025-07-25 21:16:48,204][INFO]: 筛选结果：找到 55 条Apollo噪声事件。
[2025-07-25 21:16:48,210][INFO]: 背景噪声段数量: 46
[2025-07-25 21:16:48,211][INFO]: 背景噪声时间段:
(时间范围: 1976年第306天 12:00 - 1976年第319天 23:13)
         StartDateTime        StopDateTime
0  1976-11-01 12:00:00 1976-11-01 13:52:00
1  1976-11-01 14:15:00 1976-11-01 14:42:00
2  1976-11-01 15:10:00 1976-11-01 19:57:00
3  1976-11-01 20:30:00 1976-11-01 23:17:00
4  1976-11-01 23:36:00 1976-11-02 12:37:00
5  1976-11-02 13:00:00 1976-11-02 18:57:00
6  1976-11-02 19:16:00 1976-11-02 20:23:00
7  1976-11-02 20:35:00 1976-11-02 20:40:00
8  1976-11-02 21:40:00 1976-11-02 22:26:00
9  1976-11-02 22:45:00 1976-11-03 00:03:00
10 1976-11-03 00:30:00 1976-11-03 01:10:00
11 1976-11-03 01:30:00 1976-11-03 03:42:00
12 1976-11-03 04:05:00 1976-11-03 05:15:00
13 1976-11-03 05:40:00 1976-11-03 06:27:00
14 1976-11-03 07:20:00 1976-11-03 08:33:00
15 1976-11-03 10:33:00 1976-11-03 16:29:00
16 1976-11-03 16:55:00 1976-11-03 20:18:00
17 1976-11-03 20:30:00 1976-11-03 20:39:00
18 1976-11-03 22:39:00 1976-11-03 23:26:00
19 1976-11-03 23:55:00 1976-11-04 01:00:00
20 1976-11-04 01:15:00 1976-11-04 01:54:00
21 1976-11-04 02:04:00 1976-11-04 02:18:00
22 1976-11-04 02:40:00 1976-11-04 04:05:00
23 1976-11-04 06:05:00 1976-11-04 08:19:00
24 1976-11-04 08:40:00 1976-11-04 13:05:00
25 1976-11-04 13:25:00 1976-11-04 22:09:00
26 1976-11-04 23:31:00 1976-11-05 00:30:00
27 1976-11-05 00:55:00 1976-11-05 06:04:00
28 1976-11-05 08:04:00 1976-11-05 09:16:00
29 1976-11-05 12:18:00 1976-11-05 14:14:00
30 1976-11-05 16:14:00 1976-11-05 18:51:00
31 1976-11-05 19:12:00 1976-11-06 10:41:00
32 1976-11-06 11:20:00 1976-11-06 12:59:00
33 1976-11-06 13:22:00 1976-11-07 05:40:00
34 1976-11-07 06:06:00 1976-11-07 11:44:00
35 1976-11-07 12:05:00 1976-11-08 02:42:00
36 1976-11-08 03:10:00 1976-11-08 07:07:00
37 1976-11-08 07:15:00 1976-11-08 07:30:00
38 1976-11-08 07:45:00 1976-11-08 13:10:00
39 1976-11-08 13:27:00 1976-11-11 14:17:00
40 1976-11-11 14:28:00 1976-11-12 22:46:00
41 1976-11-12 23:05:00 1976-11-13 21:18:00
42 1976-11-13 21:50:00 1976-11-14 02:17:00
43 1976-11-14 02:50:00 1976-11-14 06:48:00
44 1976-11-14 08:48:00 1976-11-14 17:25:00
45 1976-11-14 21:03:00 1976-11-14 23:13:00
[2025-07-25 21:16:48,211][INFO]: ===== 背景噪声时间流数据处理完成 =====
